Log file open, 03/02/21 13:41:49
LogInit: Display: Running engine for game: SphereJumper
LogPlatformFile: Not using cached read wrapper
LogTaskGraph: Started task graph with 5 named threads and 35 total threads with 3 sets of task threads.
LogStats: Stats thread started at 0.202152
LogD3D11RHI: Loaded GFSDK_Aftermath_Lib.x64.dll
LogICUInternationalization: ICU TimeZone Detection - Raw Offset: -5:00, Platform Override: ''
LogPluginManager: Mounting plugin Paper2D
LogPluginManager: Mounting plugin AISupport
LogPluginManager: Mounting plugin LightPropagationVolume
LogPluginManager: Mounting plugin CameraShakePreviewer
LogPluginManager: Mounting plugin ActorLayerUtilities
LogPluginManager: Mounting plugin AnimationSharing
LogPluginManager: Mounting plugin CLionSourceCodeAccess
LogPluginManager: Mounting plugin CodeLiteSourceCodeAccess
LogPluginManager: Mounting plugin GitSourceControl
LogPluginManager: Mounting plugin KDevelopSourceCodeAccess
LogPluginManager: Mounting plugin NullSourceCodeAccess
LogPluginManager: Mounting plugin PerforceSourceControl
LogPluginManager: Mounting plugin PlasticSourceControl
LogPluginManager: Mounting plugin RiderSourceCodeAccess
LogPluginManager: Mounting plugin SubversionSourceControl
LogPluginManager: Mounting plugin UObjectPlugin
LogPluginManager: Mounting plugin VisualStudioCodeSourceCodeAccess
LogPluginManager: Mounting plugin VisualStudioSourceCodeAccess
LogPluginManager: Mounting plugin XCodeSourceCodeAccess
LogPluginManager: Mounting plugin AssetManagerEditor
LogPluginManager: Mounting plugin CryptoKeys
LogPluginManager: Mounting plugin CurveEditorTools
LogPluginManager: Mounting plugin DataValidation
LogPluginManager: Mounting plugin EditorScriptingUtilities
LogPluginManager: Mounting plugin FacialAnimation
LogPluginManager: Mounting plugin GameplayTagsEditor
LogPluginManager: Mounting plugin GeometryMode
LogPluginManager: Mounting plugin MacGraphicsSwitching
LogPluginManager: Mounting plugin MaterialAnalyzer
LogPluginManager: Mounting plugin MobileLauncherProfileWizard
LogPluginManager: Mounting plugin PluginBrowser
LogPluginManager: Mounting plugin SpeedTreeImporter
LogPluginManager: Mounting plugin DatasmithContent
LogPluginManager: Mounting plugin VariantManagerContent
LogPluginManager: Mounting plugin AlembicImporter
LogPluginManager: Mounting plugin AutomationUtils
LogPluginManager: Mounting plugin BackChannel
LogPluginManager: Mounting plugin ChaosCloth
LogPluginManager: Mounting plugin ChaosClothEditor
LogPluginManager: Mounting plugin ChaosEditor
LogPluginManager: Mounting plugin ChaosNiagara
LogPluginManager: Mounting plugin ChaosSolverPlugin
LogPluginManager: Mounting plugin CharacterAI
LogPluginManager: Mounting plugin GeometryCache
LogPluginManager: Mounting plugin GeometryCollectionPlugin
LogPluginManager: Mounting plugin GeometryProcessing
LogPluginManager: Mounting plugin PlanarCut
LogPluginManager: Mounting plugin PlatformCrypto
LogPluginManager: Mounting plugin ProxyLODPlugin
LogPluginManager: Mounting plugin SkeletalReduction
LogPluginManager: Mounting plugin Niagara
LogPluginManager: Mounting plugin MagicLeap
LogPluginManager: Mounting plugin MagicLeapLightEstimation
LogPluginManager: Mounting plugin MagicLeapMedia
LogPluginManager: Mounting plugin MagicLeapPassableWorld
LogPluginManager: Mounting plugin MLSDK
LogPluginManager: Mounting plugin AndroidMedia
LogPluginManager: Mounting plugin AvfMedia
LogPluginManager: Mounting plugin ImgMedia
LogPluginManager: Mounting plugin MediaCompositing
LogPluginManager: Mounting plugin MediaPlayerEditor
LogPluginManager: Mounting plugin WebMMedia
LogPluginManager: Mounting plugin WmfMedia
LogPluginManager: Mounting plugin MeshPainting
LogPluginManager: Mounting plugin TcpMessaging
LogPluginManager: Mounting plugin UdpMessaging
LogPluginManager: Mounting plugin ActorSequence
LogPluginManager: Mounting plugin LevelSequenceEditor
LogPluginManager: Mounting plugin MatineeToLevelSequence
LogPluginManager: Mounting plugin MovieRenderPipeline
LogPluginManager: Mounting plugin TemplateSequence
LogPluginManager: Mounting plugin NetcodeUnitTest
LogPluginManager: Mounting plugin NUTUnrealEngine4
LogPluginManager: Mounting plugin OnlineSubsystemGooglePlay
LogPluginManager: Mounting plugin OnlineSubsystemIOS
LogPluginManager: Mounting plugin OnlineSubsystem
LogPluginManager: Mounting plugin OnlineSubsystemNull
LogPluginManager: Mounting plugin OnlineSubsystemUtils
LogPluginManager: Mounting plugin LauncherChunkInstaller
LogPluginManager: Mounting plugin AndroidDeviceProfileSelector
LogPluginManager: Mounting plugin AndroidMoviePlayer
LogPluginManager: Mounting plugin AndroidPermission
LogPluginManager: Mounting plugin AppleImageUtils
LogPluginManager: Mounting plugin AppleMoviePlayer
LogPluginManager: Mounting plugin ArchVisCharacter
LogPluginManager: Mounting plugin AssetTags
LogPluginManager: Mounting plugin AudioCapture
LogPluginManager: Mounting plugin CableComponent
LogPluginManager: Mounting plugin CustomMeshComponent
LogPluginManager: Mounting plugin EditableMesh
LogPluginManager: Mounting plugin ExampleDeviceProfileSelector
LogPluginManager: Mounting plugin GoogleCloudMessaging
LogPluginManager: Mounting plugin GooglePAD
LogPluginManager: Mounting plugin IOSDeviceProfileSelector
LogPluginManager: Mounting plugin LinuxDeviceProfileSelector
LogPluginManager: Mounting plugin LocationServicesBPLibrary
LogPluginManager: Mounting plugin MobilePatchingUtils
LogPluginManager: Mounting plugin OculusVR
LogPluginManager: Mounting plugin PhysXVehicles
LogPluginManager: Mounting plugin PostSplashScreen
LogPluginManager: Mounting plugin ProceduralMeshComponent
LogPluginManager: Mounting plugin RuntimePhysXCooking
LogPluginManager: Mounting plugin SignificanceManager
LogPluginManager: Mounting plugin SoundFields
LogPluginManager: Mounting plugin SteamVR
LogPluginManager: Mounting plugin Synthesis
LogPluginManager: Mounting plugin WebMMoviePlayer
LogPluginManager: Mounting plugin WindowsMoviePlayer
LogPluginManager: Mounting plugin ScreenshotTools
LogInit: Using libcurl 7.55.1-DEV
LogInit:  - built for x86_64-pc-win32
LogInit:  - supports SSL with OpenSSL/1.1.1
LogInit:  - supports HTTP deflate (compression) using libz 1.2.8
LogInit:  - other features:
LogInit:      CURL_VERSION_SSL
LogInit:      CURL_VERSION_LIBZ
LogInit:      CURL_VERSION_IPV6
LogInit:      CURL_VERSION_ASYNCHDNS
LogInit:      CURL_VERSION_LARGEFILE
LogInit:      CURL_VERSION_IDN
LogInit:  CurlRequestOptions (configurable via config and command line):
LogInit:  - bVerifyPeer = true  - Libcurl will verify peer certificate
LogInit:  - bUseHttpProxy = false  - Libcurl will NOT use HTTP proxy
LogInit:  - bDontReuseConnections = false  - Libcurl will reuse connections
LogInit:  - MaxHostConnections = 16  - Libcurl will limit the number of connections to a host
LogInit:  - LocalHostAddr = Default
LogInit:  - BufferSize = 65536
LogOnline: OSS: Creating online subsystem instance for: NULL
LogInit: WinSock: version 1.1 (2.2), MaxSocks=32767, MaxUdp=65467
LogOnline: OSS: TryLoadSubsystemAndSetDefault: Loaded subsystem for module [NULL]
LogInit: Build: ++UE4+Release-4.25-CL-14469661
LogInit: Engine Version: 4.25.4-14469661+++UE4+Release-4.25
LogInit: Compatible Engine Version: 4.25.0-13144385+++UE4+Release-4.25
LogInit: Net CL: 13144385
LogInit: OS: Windows 10 (Release 1909) (), CPU: Intel(R) Core(TM) i7-6850K CPU @ 3.60GHz, GPU: NVIDIA GeForce GTX 1070 Ti
LogInit: Compiled (64-bit): Oct 11 2020 08:10:49
LogInit: Compiled with Visual C++: 19.24.28315.00
LogInit: Build Configuration: Development
LogInit: Branch Name: ++UE4+Release-4.25
LogInit: Command Line: 
LogInit: Base Directory: C:/Program Files/Epic Games/UE_4.25/Engine/Binaries/Win64/
LogInit: Allocator: TBB
LogInit: Installed Engine Build: 1
LogDevObjectVersion: Number of dev versions registered: 26
LogDevObjectVersion:   Dev-Blueprints (B0D832E4-1F89-4F0D-ACCF-7EB736FD4AA2): 10
LogDevObjectVersion:   Dev-Build (E1C64328-A22C-4D53-A36C-8E866417BD8C): 0
LogDevObjectVersion:   Dev-Core (375EC13C-06E4-48FB-B500-84F0262A717E): 4
LogDevObjectVersion:   Dev-Editor (E4B068ED-F494-42E9-A231-DA0B2E46BB41): 38
LogDevObjectVersion:   Dev-Framework (CFFC743F-43B0-4480-9391-14DF171D2073): 37
LogDevObjectVersion:   Dev-Mobile (B02B49B5-BB20-44E9-A304-32B752E40360): 2
LogDevObjectVersion:   Dev-Networking (A4E4105C-59A1-49B5-A7C5-40C4547EDFEE): 0
LogDevObjectVersion:   Dev-Online (39C831C9-5AE6-47DC-9A44-9C173E1C8E7C): 0
LogDevObjectVersion:   Dev-Physics (78F01B33-EBEA-4F98-B9B4-84EACCB95AA2): 4
LogDevObjectVersion:   Dev-Platform (6631380F-2D4D-43E0-8009-CF276956A95A): 0
LogDevObjectVersion:   Dev-Rendering (12F88B9F-8875-4AFC-A67C-D90C383ABD29): 43
LogDevObjectVersion:   Dev-Sequencer (7B5AE74C-D270-4C10-A958-57980B212A5A): 12
LogDevObjectVersion:   Dev-VR (D7296918-1DD6-4BDD-9DE2-64A83CC13884): 3
LogDevObjectVersion:   Dev-LoadTimes (C2A15278-BFE7-4AFE-6C17-90FF531DF755): 1
LogDevObjectVersion:   Private-Geometry (6EACA3D4-40EC-4CC1-B786-8BED09428FC5): 3
LogDevObjectVersion:   Dev-AnimPhys (29E575DD-E0A3-4627-9D10-D276232CDCEA): 17
LogDevObjectVersion:   Dev-Anim (AF43A65D-7FD3-4947-9873-3E8ED9C1BB05): 7
LogDevObjectVersion:   Dev-ReflectionCapture (6B266CEC-1EC7-4B8F-A30B-E4D90942FC07): 1
LogDevObjectVersion:   Dev-Automation (0DF73D61-A23F-47EA-B727-89E90C41499A): 1
LogDevObjectVersion:   FortniteMain (601D1886-AC64-4F84-AA16-D3DE0DEAC7D6): 31
LogDevObjectVersion:   Dev-Enterprise (9DFFBCD6-494F-0158-E221-12823C92A888): 10
LogDevObjectVersion:   Dev-Niagara (F2AED0AC-9AFE-416F-8664-AA7FFA26D6FC): 1
LogDevObjectVersion:   Dev-Destruction (174F1F0B-B4C6-45A5-B13F-2EE8D0FB917D): 10
LogDevObjectVersion:   Dev-Physics-Ext (35F94A83-E258-406C-A318-09F59610247C): 37
LogDevObjectVersion:   Dev-PhysicsMaterial-Chaos (B68FC16E-8B1B-42E2-B453-215C058844FE): 1
LogDevObjectVersion:   Dev-CineCamera (B2E18506-4273-CFC2-A54E-F4BB758BBA07): 1
LogInit: Presizing for max 25165824 objects, including 0 objects not considered by GC, pre-allocating 0 bytes for permanent pool.
LogConfig: Applying CVar settings from Section [/Script/Engine.StreamingSettings] File [C:/Users/lhutc/OneDrive/Desktop/Software Dev Practice/Unreal Projects/SphereJumperV2/Sphere-Jumper/SphereJumper/Saved/Config/Windows/Engine.ini]
LogConfig: Setting CVar [[s.MinBulkDataSizeForAsyncLoading:131072]]
LogConfig: Setting CVar [[s.AsyncLoadingThreadEnabled:0]]
LogConfig: Setting CVar [[s.EventDrivenLoaderEnabled:1]]
LogConfig: Setting CVar [[s.WarnIfTimeLimitExceeded:0]]
LogConfig: Setting CVar [[s.TimeLimitExceededMultiplier:1.5]]
LogConfig: Setting CVar [[s.TimeLimitExceededMinTime:0.005]]
LogConfig: Setting CVar [[s.UseBackgroundLevelStreaming:1]]
LogConfig: Setting CVar [[s.PriorityAsyncLoadingExtraTime:15.0]]
LogConfig: Setting CVar [[s.LevelStreamingActorsUpdateTimeLimit:5.0]]
LogConfig: Setting CVar [[s.PriorityLevelStreamingActorsUpdateExtraTime:5.0]]
LogConfig: Setting CVar [[s.LevelStreamingComponentsRegistrationGranularity:10]]
LogConfig: Setting CVar [[s.UnregisterComponentsTimeLimit:1.0]]
LogConfig: Setting CVar [[s.LevelStreamingComponentsUnregistrationGranularity:5]]
LogConfig: Setting CVar [[s.FlushStreamingOnExit:1]]
LogInit: Object subsystem initialized
LogConfig: Setting CVar [[con.DebugEarlyDefault:1]]
LogConfig: Setting CVar [[r.setres:1280x720]]
[2021.03.02-18.41.50:143][  0]LogConfig: Setting CVar [[r.VSync:0]]
[2021.03.02-18.41.50:143][  0]LogConfig: Setting CVar [[r.RHICmdBypass:0]]
[2021.03.02-18.41.50:143][  0]LogConfig: Applying CVar settings from Section [/Script/Engine.RendererSettings] File [C:/Users/lhutc/OneDrive/Desktop/Software Dev Practice/Unreal Projects/SphereJumperV2/Sphere-Jumper/SphereJumper/Saved/Config/Windows/Engine.ini]
[2021.03.02-18.41.50:143][  0]LogConfig: Setting CVar [[r.GPUCrashDebugging:0]]
[2021.03.02-18.41.50:143][  0]LogConfig: Setting CVar [[r.SkinCache.CompileShaders:1]]
[2021.03.02-18.41.50:143][  0]LogConfig: Setting CVar [[r.RayTracing:0]]
[2021.03.02-18.41.50:143][  0]LogConfig: Applying CVar settings from Section [/Script/Engine.RendererOverrideSettings] File [C:/Users/lhutc/OneDrive/Desktop/Software Dev Practice/Unreal Projects/SphereJumperV2/Sphere-Jumper/SphereJumper/Saved/Config/Windows/Engine.ini]
[2021.03.02-18.41.50:143][  0]LogConfig: Applying CVar settings from Section [/Script/Engine.StreamingSettings] File [C:/Users/lhutc/OneDrive/Desktop/Software Dev Practice/Unreal Projects/SphereJumperV2/Sphere-Jumper/SphereJumper/Saved/Config/Windows/Engine.ini]
[2021.03.02-18.41.50:143][  0]LogConfig: Setting CVar [[s.MinBulkDataSizeForAsyncLoading:131072]]
[2021.03.02-18.41.50:143][  0]LogConfig: Setting CVar [[s.AsyncLoadingThreadEnabled:0]]
[2021.03.02-18.41.50:143][  0]LogConfig: Setting CVar [[s.EventDrivenLoaderEnabled:1]]
[2021.03.02-18.41.50:143][  0]LogConfig: Setting CVar [[s.WarnIfTimeLimitExceeded:0]]
[2021.03.02-18.41.50:143][  0]LogConfig: Setting CVar [[s.TimeLimitExceededMultiplier:1.5]]
[2021.03.02-18.41.50:143][  0]LogConfig: Setting CVar [[s.TimeLimitExceededMinTime:0.005]]
[2021.03.02-18.41.50:143][  0]LogConfig: Setting CVar [[s.UseBackgroundLevelStreaming:1]]
[2021.03.02-18.41.50:143][  0]LogConfig: Setting CVar [[s.PriorityAsyncLoadingExtraTime:15.0]]
[2021.03.02-18.41.50:143][  0]LogConfig: Setting CVar [[s.LevelStreamingActorsUpdateTimeLimit:5.0]]
[2021.03.02-18.41.50:143][  0]LogConfig: Setting CVar [[s.PriorityLevelStreamingActorsUpdateExtraTime:5.0]]
[2021.03.02-18.41.50:143][  0]LogConfig: Setting CVar [[s.LevelStreamingComponentsRegistrationGranularity:10]]
[2021.03.02-18.41.50:143][  0]LogConfig: Setting CVar [[s.UnregisterComponentsTimeLimit:1.0]]
[2021.03.02-18.41.50:143][  0]LogConfig: Setting CVar [[s.LevelStreamingComponentsUnregistrationGranularity:5]]
[2021.03.02-18.41.50:143][  0]LogConfig: Setting CVar [[s.FlushStreamingOnExit:1]]
[2021.03.02-18.41.50:143][  0]LogConfig: Applying CVar settings from Section [/Script/Engine.GarbageCollectionSettings] File [C:/Users/lhutc/OneDrive/Desktop/Software Dev Practice/Unreal Projects/SphereJumperV2/Sphere-Jumper/SphereJumper/Saved/Config/Windows/Engine.ini]
[2021.03.02-18.41.50:143][  0]LogConfig: Setting CVar [[gc.MaxObjectsNotConsideredByGC:1]]
[2021.03.02-18.41.50:143][  0]LogConfig: Setting CVar [[gc.SizeOfPermanentObjectPool:0]]
[2021.03.02-18.41.50:143][  0]LogConfig: Setting CVar [[gc.FlushStreamingOnGC:0]]
[2021.03.02-18.41.50:143][  0]LogConfig: Setting CVar [[gc.NumRetriesBeforeForcingGC:10]]
[2021.03.02-18.41.50:143][  0]LogConfig: Setting CVar [[gc.AllowParallelGC:1]]
[2021.03.02-18.41.50:143][  0]LogConfig: Setting CVar [[gc.TimeBetweenPurgingPendingKillObjects:61.1]]
[2021.03.02-18.41.50:143][  0]LogConfig: Setting CVar [[gc.MaxObjectsInEditor:25165824]]
[2021.03.02-18.41.50:143][  0]LogConfig: Setting CVar [[gc.IncrementalBeginDestroyEnabled:1]]
[2021.03.02-18.41.50:143][  0]LogConfig: Setting CVar [[gc.CreateGCClusters:1]]
[2021.03.02-18.41.50:143][  0]LogConfig: Setting CVar [[gc.MinGCClusterSize:5]]
[2021.03.02-18.41.50:143][  0]LogConfig: Setting CVar [[gc.ActorClusteringEnabled:0]]
[2021.03.02-18.41.50:143][  0]LogConfig: Setting CVar [[gc.BlueprintClusteringEnabled:0]]
[2021.03.02-18.41.50:143][  0]LogConfig: Setting CVar [[gc.UseDisregardForGCOnDedicatedServers:0]]
[2021.03.02-18.41.50:143][  0]LogConfig: Applying CVar settings from Section [/Script/Engine.NetworkSettings] File [C:/Users/lhutc/OneDrive/Desktop/Software Dev Practice/Unreal Projects/SphereJumperV2/Sphere-Jumper/SphereJumper/Saved/Config/Windows/Engine.ini]
[2021.03.02-18.41.50:143][  0]LogConfig: Applying CVar settings from Section [/Script/UnrealEd.CookerSettings] File [C:/Users/lhutc/OneDrive/Desktop/Software Dev Practice/Unreal Projects/SphereJumperV2/Sphere-Jumper/SphereJumper/Saved/Config/Windows/Engine.ini]
[2021.03.02-18.41.50:147][  0]LogConfig: Applying CVar settings from Section [ViewDistanceQuality@3] File [C:/Users/lhutc/OneDrive/Desktop/Software Dev Practice/Unreal Projects/SphereJumperV2/Sphere-Jumper/SphereJumper/Saved/Config/Windows/Scalability.ini]
[2021.03.02-18.41.50:147][  0]LogConfig: Setting CVar [[r.SkeletalMeshLODBias:0]]
[2021.03.02-18.41.50:147][  0]LogConfig: Setting CVar [[r.ViewDistanceScale:1.0]]
[2021.03.02-18.41.50:147][  0]LogConfig: Applying CVar settings from Section [AntiAliasingQuality@3] File [C:/Users/lhutc/OneDrive/Desktop/Software Dev Practice/Unreal Projects/SphereJumperV2/Sphere-Jumper/SphereJumper/Saved/Config/Windows/Scalability.ini]
[2021.03.02-18.41.50:147][  0]LogConfig: Setting CVar [[r.PostProcessAAQuality:4]]
[2021.03.02-18.41.50:147][  0]LogConfig: Applying CVar settings from Section [ShadowQuality@3] File [C:/Users/lhutc/OneDrive/Desktop/Software Dev Practice/Unreal Projects/SphereJumperV2/Sphere-Jumper/SphereJumper/Saved/Config/Windows/Scalability.ini]
[2021.03.02-18.41.50:147][  0]LogConfig: Setting CVar [[r.LightFunctionQuality:1]]
[2021.03.02-18.41.50:147][  0]LogConfig: Setting CVar [[r.ShadowQuality:5]]
[2021.03.02-18.41.50:147][  0]LogConfig: Setting CVar [[r.Shadow.CSM.MaxCascades:10]]
[2021.03.02-18.41.50:147][  0]LogConfig: Setting CVar [[r.Shadow.MaxResolution:2048]]
[2021.03.02-18.41.50:147][  0]LogConfig: Setting CVar [[r.Shadow.MaxCSMResolution:2048]]
[2021.03.02-18.41.50:147][  0]LogConfig: Setting CVar [[r.Shadow.RadiusThreshold:0.01]]
[2021.03.02-18.41.50:147][  0]LogConfig: Setting CVar [[r.Shadow.DistanceScale:1.0]]
[2021.03.02-18.41.50:147][  0]LogConfig: Setting CVar [[r.Shadow.CSM.TransitionScale:1.0]]
[2021.03.02-18.41.50:147][  0]LogConfig: Setting CVar [[r.Shadow.PreShadowResolutionFactor:1.0]]
[2021.03.02-18.41.50:147][  0]LogConfig: Setting CVar [[r.DistanceFieldShadowing:1]]
[2021.03.02-18.41.50:147][  0]LogConfig: Setting CVar [[r.DistanceFieldAO:1]]
[2021.03.02-18.41.50:147][  0]LogConfig: Setting CVar [[r.AOQuality:2]]
[2021.03.02-18.41.50:147][  0]LogConfig: Setting CVar [[r.VolumetricFog:1]]
[2021.03.02-18.41.50:147][  0]LogConfig: Setting CVar [[r.VolumetricFog.GridPixelSize:8]]
[2021.03.02-18.41.50:147][  0]LogConfig: Setting CVar [[r.VolumetricFog.GridSizeZ:128]]
[2021.03.02-18.41.50:147][  0]LogConfig: Setting CVar [[r.VolumetricFog.HistoryMissSupersampleCount:4]]
[2021.03.02-18.41.50:147][  0]LogConfig: Setting CVar [[r.LightMaxDrawDistanceScale:1]]
[2021.03.02-18.41.50:147][  0]LogConfig: Setting CVar [[r.CapsuleShadows:1]]
[2021.03.02-18.41.50:147][  0]LogConfig: Applying CVar settings from Section [PostProcessQuality@3] File [C:/Users/lhutc/OneDrive/Desktop/Software Dev Practice/Unreal Projects/SphereJumperV2/Sphere-Jumper/SphereJumper/Saved/Config/Windows/Scalability.ini]
[2021.03.02-18.41.50:147][  0]LogConfig: Setting CVar [[r.MotionBlurQuality:4]]
[2021.03.02-18.41.50:147][  0]LogConfig: Setting CVar [[r.AmbientOcclusionMipLevelFactor:0.4]]
[2021.03.02-18.41.50:147][  0]LogConfig: Setting CVar [[r.AmbientOcclusionMaxQuality:100]]
[2021.03.02-18.41.50:147][  0]LogConfig: Setting CVar [[r.AmbientOcclusionLevels:-1]]
[2021.03.02-18.41.50:147][  0]LogConfig: Setting CVar [[r.AmbientOcclusionRadiusScale:1.0]]
[2021.03.02-18.41.50:147][  0]LogConfig: Setting CVar [[r.DepthOfFieldQuality:2]]
[2021.03.02-18.41.50:147][  0]LogConfig: Setting CVar [[r.RenderTargetPoolMin:400]]
[2021.03.02-18.41.50:147][  0]LogConfig: Setting CVar [[r.LensFlareQuality:2]]
[2021.03.02-18.41.50:147][  0]LogConfig: Setting CVar [[r.SceneColorFringeQuality:1]]
[2021.03.02-18.41.50:147][  0]LogConfig: Setting CVar [[r.EyeAdaptationQuality:2]]
[2021.03.02-18.41.50:147][  0]LogConfig: Setting CVar [[r.BloomQuality:5]]
[2021.03.02-18.41.50:147][  0]LogConfig: Setting CVar [[r.FastBlurThreshold:100]]
[2021.03.02-18.41.50:147][  0]LogConfig: Setting CVar [[r.Upscale.Quality:3]]
[2021.03.02-18.41.50:147][  0]LogConfig: Setting CVar [[r.Tonemapper.GrainQuantization:1]]
[2021.03.02-18.41.50:147][  0]LogConfig: Setting CVar [[r.LightShaftQuality:1]]
[2021.03.02-18.41.50:147][  0]LogConfig: Setting CVar [[r.Filter.SizeScale:1]]
[2021.03.02-18.41.50:147][  0]LogConfig: Setting CVar [[r.Tonemapper.Quality:5]]
[2021.03.02-18.41.50:147][  0]LogConfig: Setting CVar [[r.DOF.Gather.AccumulatorQuality:1        ; higher gathering accumulator quality]]
[2021.03.02-18.41.50:147][  0]LogConfig: Setting CVar [[r.DOF.Gather.PostfilterMethod:1          ; Median3x3 postfilering method]]
[2021.03.02-18.41.50:147][  0]LogConfig: Setting CVar [[r.DOF.Gather.EnableBokehSettings:0       ; no bokeh simulation when gathering]]
[2021.03.02-18.41.50:147][  0]LogConfig: Setting CVar [[r.DOF.Gather.RingCount:4                 ; medium number of samples when gathering]]
[2021.03.02-18.41.50:147][  0]LogConfig: Setting CVar [[r.DOF.Scatter.ForegroundCompositing:1    ; additive foreground scattering]]
[2021.03.02-18.41.50:147][  0]LogConfig: Setting CVar [[r.DOF.Scatter.BackgroundCompositing:2    ; additive background scattering]]
[2021.03.02-18.41.50:147][  0]LogConfig: Setting CVar [[r.DOF.Scatter.EnableBokehSettings:1      ; bokeh simulation when scattering]]
[2021.03.02-18.41.50:147][  0]LogConfig: Setting CVar [[r.DOF.Scatter.MaxSpriteRatio:0.1         ; only a maximum of 10% of scattered bokeh]]
[2021.03.02-18.41.50:147][  0]LogConfig: Setting CVar [[r.DOF.Recombine.Quality:1                ; cheap slight out of focus]]
[2021.03.02-18.41.50:147][  0]LogConfig: Setting CVar [[r.DOF.Recombine.EnableBokehSettings:0    ; no bokeh simulation on slight out of focus]]
[2021.03.02-18.41.50:147][  0]LogConfig: Setting CVar [[r.DOF.TemporalAAQuality:1                ; more stable temporal accumulation]]
[2021.03.02-18.41.50:147][  0]LogConfig: Setting CVar [[r.DOF.Kernel.MaxForegroundRadius:0.025]]
[2021.03.02-18.41.50:147][  0]LogConfig: Setting CVar [[r.DOF.Kernel.MaxBackgroundRadius:0.025]]
[2021.03.02-18.41.50:147][  0]LogConfig: Applying CVar settings from Section [TextureQuality@3] File [C:/Users/lhutc/OneDrive/Desktop/Software Dev Practice/Unreal Projects/SphereJumperV2/Sphere-Jumper/SphereJumper/Saved/Config/Windows/Scalability.ini]
[2021.03.02-18.41.50:147][  0]LogConfig: Setting CVar [[r.Streaming.MipBias:0]]
[2021.03.02-18.41.50:147][  0]LogConfig: Setting CVar [[r.Streaming.AmortizeCPUToGPUCopy:0]]
[2021.03.02-18.41.50:147][  0]LogConfig: Setting CVar [[r.Streaming.MaxNumTexturesToStreamPerFrame:0]]
[2021.03.02-18.41.50:147][  0]LogConfig: Setting CVar [[r.Streaming.Boost:1]]
[2021.03.02-18.41.50:147][  0]LogConfig: Setting CVar [[r.MaxAnisotropy:8]]
[2021.03.02-18.41.50:147][  0]LogConfig: Setting CVar [[r.VT.MaxAnisotropy:8]]
[2021.03.02-18.41.50:147][  0]LogConfig: Setting CVar [[r.Streaming.LimitPoolSizeToVRAM:0]]
[2021.03.02-18.41.50:147][  0]LogConfig: Setting CVar [[r.Streaming.PoolSize:1000]]
[2021.03.02-18.41.50:147][  0]LogConfig: Setting CVar [[r.Streaming.MaxEffectiveScreenSize:0]]
[2021.03.02-18.41.50:147][  0]LogConfig: Applying CVar settings from Section [EffectsQuality@3] File [C:/Users/lhutc/OneDrive/Desktop/Software Dev Practice/Unreal Projects/SphereJumperV2/Sphere-Jumper/SphereJumper/Saved/Config/Windows/Scalability.ini]
[2021.03.02-18.41.50:147][  0]LogConfig: Setting CVar [[r.TranslucencyLightingVolumeDim:64]]
[2021.03.02-18.41.50:147][  0]LogConfig: Setting CVar [[r.RefractionQuality:2]]
[2021.03.02-18.41.50:147][  0]LogConfig: Setting CVar [[r.SSR.Quality:3]]
[2021.03.02-18.41.50:147][  0]LogConfig: Setting CVar [[r.SSR.HalfResSceneColor:0]]
[2021.03.02-18.41.50:147][  0]LogConfig: Setting CVar [[r.SceneColorFormat:4]]
[2021.03.02-18.41.50:147][  0]LogConfig: Setting CVar [[r.DetailMode:2]]
[2021.03.02-18.41.50:147][  0]LogConfig: Setting CVar [[r.TranslucencyVolumeBlur:1]]
[2021.03.02-18.41.50:147][  0]LogConfig: Setting CVar [[r.MaterialQualityLevel:1 ; High quality]]
[2021.03.02-18.41.50:147][  0]LogConfig: Setting CVar [[r.SSS.Scale:1]]
[2021.03.02-18.41.50:148][  0]LogConfig: Setting CVar [[r.SSS.SampleSet:2]]
[2021.03.02-18.41.50:148][  0]LogConfig: Setting CVar [[r.SSS.Quality:1]]
[2021.03.02-18.41.50:148][  0]LogConfig: Setting CVar [[r.SSS.HalfRes:0]]
[2021.03.02-18.41.50:148][  0]LogConfig: Setting CVar [[r.SSGI.Quality:3]]
[2021.03.02-18.41.50:148][  0]LogConfig: Setting CVar [[r.EmitterSpawnRateScale:1.0]]
[2021.03.02-18.41.50:148][  0]LogConfig: Setting CVar [[r.ParticleLightQuality:2]]
[2021.03.02-18.41.50:148][  0]LogConfig: Setting CVar [[r.SkyAtmosphere.AerialPerspectiveLUT.FastApplyOnOpaque:1 ; Always have FastSkyLUT 1 in this case to avoid wrong sky]]
[2021.03.02-18.41.50:148][  0]LogConfig: Setting CVar [[r.SkyAtmosphere.AerialPerspectiveLUT.SampleCountPerSlice:1]]
[2021.03.02-18.41.50:148][  0]LogConfig: Setting CVar [[r.SkyAtmosphere.AerialPerspectiveLUT.DepthResolution:16.0]]
[2021.03.02-18.41.50:148][  0]LogConfig: Setting CVar [[r.SkyAtmosphere.FastSkyLUT:1]]
[2021.03.02-18.41.50:148][  0]LogConfig: Setting CVar [[r.SkyAtmosphere.FastSkyLUT.SampleCountMin:4.0]]
[2021.03.02-18.41.50:148][  0]LogConfig: Setting CVar [[r.SkyAtmosphere.FastSkyLUT.SampleCountMax:32.0]]
[2021.03.02-18.41.50:148][  0]LogConfig: Setting CVar [[r.SkyAtmosphere.SampleCountMin:4.0]]
[2021.03.02-18.41.50:148][  0]LogConfig: Setting CVar [[r.SkyAtmosphere.SampleCountMax:32.0]]
[2021.03.02-18.41.50:148][  0]LogConfig: Setting CVar [[r.SkyAtmosphere.TransmittanceLUT.UseSmallFormat:0]]
[2021.03.02-18.41.50:148][  0]LogConfig: Setting CVar [[r.SkyAtmosphere.TransmittanceLUT.SampleCount:10.0]]
[2021.03.02-18.41.50:148][  0]LogConfig: Setting CVar [[r.SkyAtmosphere.MultiScatteringLUT.SampleCount:15.0]]
[2021.03.02-18.41.50:148][  0]LogConfig: Applying CVar settings from Section [FoliageQuality@3] File [C:/Users/lhutc/OneDrive/Desktop/Software Dev Practice/Unreal Projects/SphereJumperV2/Sphere-Jumper/SphereJumper/Saved/Config/Windows/Scalability.ini]
[2021.03.02-18.41.50:148][  0]LogConfig: Setting CVar [[foliage.DensityScale:1.0]]
[2021.03.02-18.41.50:148][  0]LogConfig: Setting CVar [[grass.DensityScale:1.0]]
[2021.03.02-18.41.50:148][  0]LogConfig: Applying CVar settings from Section [ShadingQuality@3] File [C:/Users/lhutc/OneDrive/Desktop/Software Dev Practice/Unreal Projects/SphereJumperV2/Sphere-Jumper/SphereJumper/Saved/Config/Windows/Scalability.ini]
[2021.03.02-18.41.50:148][  0]LogConfig: Setting CVar [[r.HairStrands.SkyLighting.SampleCount:16]]
[2021.03.02-18.41.50:148][  0]LogConfig: Setting CVar [[r.HairStrands.SkyLighting.JitterIntegration:0]]
[2021.03.02-18.41.50:148][  0]LogConfig: Setting CVar [[r.HairStrands.SkyAO.SampleCount:16]]
[2021.03.02-18.41.50:148][  0]LogConfig: Setting CVar [[r.HairStrands.DeepShadow.SuperSampling:0]]
[2021.03.02-18.41.50:148][  0]LogConfig: Setting CVar [[r.HairStrands.VisibilityPPLL:0]]
[2021.03.02-18.41.50:148][  0]LogConfig: Setting CVar [[r.HairStrands.RasterizationScale:0.5]]
[2021.03.02-18.41.50:148][  0]LogConfig: Setting CVar [[r.HairStrands.VelocityRasterizationScale:1]]
[2021.03.02-18.41.50:148][  0]LogInit: Selected Device Profile: [Windows]
[2021.03.02-18.41.50:148][  0]LogInit: Applying CVar settings loaded from the selected device profile: [Windows]
[2021.03.02-18.41.50:148][  0]LogHAL: Display: Platform has ~ 16 GB [17096511488 / 17179869184 / 16], which maps to Larger [LargestMinGB=32, LargerMinGB=12, DefaultMinGB=8, SmallerMinGB=6, SmallestMinGB=0)
[2021.03.02-18.41.50:148][  0]LogInit: Going up to parent DeviceProfile []
[2021.03.02-18.41.50:148][  0]LogConfig: Applying CVar settings from Section [ViewDistanceQuality@3] File [C:/Users/lhutc/OneDrive/Desktop/Software Dev Practice/Unreal Projects/SphereJumperV2/Sphere-Jumper/SphereJumper/Saved/Config/Windows/Scalability.ini]
[2021.03.02-18.41.50:148][  0]LogConfig: Setting CVar [[r.SkeletalMeshLODBias:0]]
[2021.03.02-18.41.50:148][  0]LogConfig: Setting CVar [[r.ViewDistanceScale:1.0]]
[2021.03.02-18.41.50:148][  0]LogConfig: Applying CVar settings from Section [AntiAliasingQuality@3] File [C:/Users/lhutc/OneDrive/Desktop/Software Dev Practice/Unreal Projects/SphereJumperV2/Sphere-Jumper/SphereJumper/Saved/Config/Windows/Scalability.ini]
[2021.03.02-18.41.50:148][  0]LogConfig: Setting CVar [[r.PostProcessAAQuality:4]]
[2021.03.02-18.41.50:148][  0]LogConfig: Applying CVar settings from Section [ShadowQuality@3] File [C:/Users/lhutc/OneDrive/Desktop/Software Dev Practice/Unreal Projects/SphereJumperV2/Sphere-Jumper/SphereJumper/Saved/Config/Windows/Scalability.ini]
[2021.03.02-18.41.50:148][  0]LogConfig: Setting CVar [[r.LightFunctionQuality:1]]
[2021.03.02-18.41.50:148][  0]LogConfig: Setting CVar [[r.ShadowQuality:5]]
[2021.03.02-18.41.50:148][  0]LogConfig: Setting CVar [[r.Shadow.CSM.MaxCascades:10]]
[2021.03.02-18.41.50:148][  0]LogConfig: Setting CVar [[r.Shadow.MaxResolution:2048]]
[2021.03.02-18.41.50:148][  0]LogConfig: Setting CVar [[r.Shadow.MaxCSMResolution:2048]]
[2021.03.02-18.41.50:148][  0]LogConfig: Setting CVar [[r.Shadow.RadiusThreshold:0.01]]
[2021.03.02-18.41.50:148][  0]LogConfig: Setting CVar [[r.Shadow.DistanceScale:1.0]]
[2021.03.02-18.41.50:148][  0]LogConfig: Setting CVar [[r.Shadow.CSM.TransitionScale:1.0]]
[2021.03.02-18.41.50:148][  0]LogConfig: Setting CVar [[r.Shadow.PreShadowResolutionFactor:1.0]]
[2021.03.02-18.41.50:148][  0]LogConfig: Setting CVar [[r.DistanceFieldShadowing:1]]
[2021.03.02-18.41.50:148][  0]LogConfig: Setting CVar [[r.DistanceFieldAO:1]]
[2021.03.02-18.41.50:148][  0]LogConfig: Setting CVar [[r.AOQuality:2]]
[2021.03.02-18.41.50:148][  0]LogConfig: Setting CVar [[r.VolumetricFog:1]]
[2021.03.02-18.41.50:148][  0]LogConfig: Setting CVar [[r.VolumetricFog.GridPixelSize:8]]
[2021.03.02-18.41.50:148][  0]LogConfig: Setting CVar [[r.VolumetricFog.GridSizeZ:128]]
[2021.03.02-18.41.50:148][  0]LogConfig: Setting CVar [[r.VolumetricFog.HistoryMissSupersampleCount:4]]
[2021.03.02-18.41.50:148][  0]LogConfig: Setting CVar [[r.LightMaxDrawDistanceScale:1]]
[2021.03.02-18.41.50:148][  0]LogConfig: Setting CVar [[r.CapsuleShadows:1]]
[2021.03.02-18.41.50:148][  0]LogConfig: Applying CVar settings from Section [PostProcessQuality@3] File [C:/Users/lhutc/OneDrive/Desktop/Software Dev Practice/Unreal Projects/SphereJumperV2/Sphere-Jumper/SphereJumper/Saved/Config/Windows/Scalability.ini]
[2021.03.02-18.41.50:148][  0]LogConfig: Setting CVar [[r.MotionBlurQuality:4]]
[2021.03.02-18.41.50:148][  0]LogConfig: Setting CVar [[r.AmbientOcclusionMipLevelFactor:0.4]]
[2021.03.02-18.41.50:148][  0]LogConfig: Setting CVar [[r.AmbientOcclusionMaxQuality:100]]
[2021.03.02-18.41.50:148][  0]LogConfig: Setting CVar [[r.AmbientOcclusionLevels:-1]]
[2021.03.02-18.41.50:148][  0]LogConfig: Setting CVar [[r.AmbientOcclusionRadiusScale:1.0]]
[2021.03.02-18.41.50:148][  0]LogConfig: Setting CVar [[r.DepthOfFieldQuality:2]]
[2021.03.02-18.41.50:148][  0]LogConfig: Setting CVar [[r.RenderTargetPoolMin:400]]
[2021.03.02-18.41.50:148][  0]LogConfig: Setting CVar [[r.LensFlareQuality:2]]
[2021.03.02-18.41.50:148][  0]LogConfig: Setting CVar [[r.SceneColorFringeQuality:1]]
[2021.03.02-18.41.50:148][  0]LogConfig: Setting CVar [[r.EyeAdaptationQuality:2]]
[2021.03.02-18.41.50:148][  0]LogConfig: Setting CVar [[r.BloomQuality:5]]
[2021.03.02-18.41.50:148][  0]LogConfig: Setting CVar [[r.FastBlurThreshold:100]]
[2021.03.02-18.41.50:148][  0]LogConfig: Setting CVar [[r.Upscale.Quality:3]]
[2021.03.02-18.41.50:148][  0]LogConfig: Setting CVar [[r.Tonemapper.GrainQuantization:1]]
[2021.03.02-18.41.50:148][  0]LogConfig: Setting CVar [[r.LightShaftQuality:1]]
[2021.03.02-18.41.50:148][  0]LogConfig: Setting CVar [[r.Filter.SizeScale:1]]
[2021.03.02-18.41.50:148][  0]LogConfig: Setting CVar [[r.Tonemapper.Quality:5]]
[2021.03.02-18.41.50:148][  0]LogConfig: Setting CVar [[r.DOF.Gather.AccumulatorQuality:1        ; higher gathering accumulator quality]]
[2021.03.02-18.41.50:148][  0]LogConfig: Setting CVar [[r.DOF.Gather.PostfilterMethod:1          ; Median3x3 postfilering method]]
[2021.03.02-18.41.50:148][  0]LogConfig: Setting CVar [[r.DOF.Gather.EnableBokehSettings:0       ; no bokeh simulation when gathering]]
[2021.03.02-18.41.50:148][  0]LogConfig: Setting CVar [[r.DOF.Gather.RingCount:4                 ; medium number of samples when gathering]]
[2021.03.02-18.41.50:148][  0]LogConfig: Setting CVar [[r.DOF.Scatter.ForegroundCompositing:1    ; additive foreground scattering]]
[2021.03.02-18.41.50:148][  0]LogConfig: Setting CVar [[r.DOF.Scatter.BackgroundCompositing:2    ; additive background scattering]]
[2021.03.02-18.41.50:148][  0]LogConfig: Setting CVar [[r.DOF.Scatter.EnableBokehSettings:1      ; bokeh simulation when scattering]]
[2021.03.02-18.41.50:149][  0]LogConfig: Setting CVar [[r.DOF.Scatter.MaxSpriteRatio:0.1         ; only a maximum of 10% of scattered bokeh]]
[2021.03.02-18.41.50:149][  0]LogConfig: Setting CVar [[r.DOF.Recombine.Quality:1                ; cheap slight out of focus]]
[2021.03.02-18.41.50:149][  0]LogConfig: Setting CVar [[r.DOF.Recombine.EnableBokehSettings:0    ; no bokeh simulation on slight out of focus]]
[2021.03.02-18.41.50:149][  0]LogConfig: Setting CVar [[r.DOF.TemporalAAQuality:1                ; more stable temporal accumulation]]
[2021.03.02-18.41.50:149][  0]LogConfig: Setting CVar [[r.DOF.Kernel.MaxForegroundRadius:0.025]]
[2021.03.02-18.41.50:149][  0]LogConfig: Setting CVar [[r.DOF.Kernel.MaxBackgroundRadius:0.025]]
[2021.03.02-18.41.50:149][  0]LogConfig: Applying CVar settings from Section [TextureQuality@3] File [C:/Users/lhutc/OneDrive/Desktop/Software Dev Practice/Unreal Projects/SphereJumperV2/Sphere-Jumper/SphereJumper/Saved/Config/Windows/Scalability.ini]
[2021.03.02-18.41.50:149][  0]LogConfig: Setting CVar [[r.Streaming.MipBias:0]]
[2021.03.02-18.41.50:149][  0]LogConfig: Setting CVar [[r.Streaming.AmortizeCPUToGPUCopy:0]]
[2021.03.02-18.41.50:149][  0]LogConfig: Setting CVar [[r.Streaming.MaxNumTexturesToStreamPerFrame:0]]
[2021.03.02-18.41.50:149][  0]LogConfig: Setting CVar [[r.Streaming.Boost:1]]
[2021.03.02-18.41.50:149][  0]LogConfig: Setting CVar [[r.MaxAnisotropy:8]]
[2021.03.02-18.41.50:149][  0]LogConfig: Setting CVar [[r.VT.MaxAnisotropy:8]]
[2021.03.02-18.41.50:149][  0]LogConfig: Setting CVar [[r.Streaming.LimitPoolSizeToVRAM:0]]
[2021.03.02-18.41.50:149][  0]LogConfig: Setting CVar [[r.Streaming.PoolSize:1000]]
[2021.03.02-18.41.50:149][  0]LogConfig: Setting CVar [[r.Streaming.MaxEffectiveScreenSize:0]]
[2021.03.02-18.41.50:149][  0]LogConfig: Applying CVar settings from Section [EffectsQuality@3] File [C:/Users/lhutc/OneDrive/Desktop/Software Dev Practice/Unreal Projects/SphereJumperV2/Sphere-Jumper/SphereJumper/Saved/Config/Windows/Scalability.ini]
[2021.03.02-18.41.50:149][  0]LogConfig: Setting CVar [[r.TranslucencyLightingVolumeDim:64]]
[2021.03.02-18.41.50:149][  0]LogConfig: Setting CVar [[r.RefractionQuality:2]]
[2021.03.02-18.41.50:149][  0]LogConfig: Setting CVar [[r.SSR.Quality:3]]
[2021.03.02-18.41.50:149][  0]LogConfig: Setting CVar [[r.SSR.HalfResSceneColor:0]]
[2021.03.02-18.41.50:149][  0]LogConfig: Setting CVar [[r.SceneColorFormat:4]]
[2021.03.02-18.41.50:149][  0]LogConfig: Setting CVar [[r.DetailMode:2]]
[2021.03.02-18.41.50:149][  0]LogConfig: Setting CVar [[r.TranslucencyVolumeBlur:1]]
[2021.03.02-18.41.50:149][  0]LogConfig: Setting CVar [[r.MaterialQualityLevel:1 ; High quality]]
[2021.03.02-18.41.50:149][  0]LogConfig: Setting CVar [[r.SSS.Scale:1]]
[2021.03.02-18.41.50:149][  0]LogConfig: Setting CVar [[r.SSS.SampleSet:2]]
[2021.03.02-18.41.50:149][  0]LogConfig: Setting CVar [[r.SSS.Quality:1]]
[2021.03.02-18.41.50:149][  0]LogConfig: Setting CVar [[r.SSS.HalfRes:0]]
[2021.03.02-18.41.50:149][  0]LogConfig: Setting CVar [[r.SSGI.Quality:3]]
[2021.03.02-18.41.50:149][  0]LogConfig: Setting CVar [[r.EmitterSpawnRateScale:1.0]]
[2021.03.02-18.41.50:149][  0]LogConfig: Setting CVar [[r.ParticleLightQuality:2]]
[2021.03.02-18.41.50:149][  0]LogConfig: Setting CVar [[r.SkyAtmosphere.AerialPerspectiveLUT.FastApplyOnOpaque:1 ; Always have FastSkyLUT 1 in this case to avoid wrong sky]]
[2021.03.02-18.41.50:149][  0]LogConfig: Setting CVar [[r.SkyAtmosphere.AerialPerspectiveLUT.SampleCountPerSlice:1]]
[2021.03.02-18.41.50:149][  0]LogConfig: Setting CVar [[r.SkyAtmosphere.AerialPerspectiveLUT.DepthResolution:16.0]]
[2021.03.02-18.41.50:149][  0]LogConfig: Setting CVar [[r.SkyAtmosphere.FastSkyLUT:1]]
[2021.03.02-18.41.50:149][  0]LogConfig: Setting CVar [[r.SkyAtmosphere.FastSkyLUT.SampleCountMin:4.0]]
[2021.03.02-18.41.50:149][  0]LogConfig: Setting CVar [[r.SkyAtmosphere.FastSkyLUT.SampleCountMax:32.0]]
[2021.03.02-18.41.50:149][  0]LogConfig: Setting CVar [[r.SkyAtmosphere.SampleCountMin:4.0]]
[2021.03.02-18.41.50:149][  0]LogConfig: Setting CVar [[r.SkyAtmosphere.SampleCountMax:32.0]]
[2021.03.02-18.41.50:149][  0]LogConfig: Setting CVar [[r.SkyAtmosphere.TransmittanceLUT.UseSmallFormat:0]]
[2021.03.02-18.41.50:149][  0]LogConfig: Setting CVar [[r.SkyAtmosphere.TransmittanceLUT.SampleCount:10.0]]
[2021.03.02-18.41.50:149][  0]LogConfig: Setting CVar [[r.SkyAtmosphere.MultiScatteringLUT.SampleCount:15.0]]
[2021.03.02-18.41.50:149][  0]LogConfig: Applying CVar settings from Section [FoliageQuality@3] File [C:/Users/lhutc/OneDrive/Desktop/Software Dev Practice/Unreal Projects/SphereJumperV2/Sphere-Jumper/SphereJumper/Saved/Config/Windows/Scalability.ini]
[2021.03.02-18.41.50:149][  0]LogConfig: Setting CVar [[foliage.DensityScale:1.0]]
[2021.03.02-18.41.50:149][  0]LogConfig: Setting CVar [[grass.DensityScale:1.0]]
[2021.03.02-18.41.50:149][  0]LogConfig: Applying CVar settings from Section [ShadingQuality@3] File [C:/Users/lhutc/OneDrive/Desktop/Software Dev Practice/Unreal Projects/SphereJumperV2/Sphere-Jumper/SphereJumper/Saved/Config/Windows/Scalability.ini]
[2021.03.02-18.41.50:149][  0]LogConfig: Setting CVar [[r.HairStrands.SkyLighting.SampleCount:16]]
[2021.03.02-18.41.50:149][  0]LogConfig: Setting CVar [[r.HairStrands.SkyLighting.JitterIntegration:0]]
[2021.03.02-18.41.50:149][  0]LogConfig: Setting CVar [[r.HairStrands.SkyAO.SampleCount:16]]
[2021.03.02-18.41.50:149][  0]LogConfig: Setting CVar [[r.HairStrands.DeepShadow.SuperSampling:0]]
[2021.03.02-18.41.50:149][  0]LogConfig: Setting CVar [[r.HairStrands.VisibilityPPLL:0]]
[2021.03.02-18.41.50:149][  0]LogConfig: Setting CVar [[r.HairStrands.RasterizationScale:0.5]]
[2021.03.02-18.41.50:149][  0]LogConfig: Setting CVar [[r.HairStrands.VelocityRasterizationScale:1]]
[2021.03.02-18.41.50:149][  0]LogConfig: Applying CVar settings from Section [Startup] File [../../../Engine/Config/ConsoleVariables.ini]
[2021.03.02-18.41.50:149][  0]LogConfig: Setting CVar [[net.UseAdaptiveNetUpdateFrequency:0]]
[2021.03.02-18.41.50:149][  0]LogConfig: Setting CVar [[p.chaos.AllowCreatePhysxBodies:1]]
[2021.03.02-18.41.50:149][  0]LogConfig: Setting CVar [[fx.SkipVectorVMBackendOptimizations:1]]
[2021.03.02-18.41.50:149][  0]LogConfig: Applying CVar settings from Section [ConsoleVariables] File [C:/Users/lhutc/OneDrive/Desktop/Software Dev Practice/Unreal Projects/SphereJumperV2/Sphere-Jumper/SphereJumper/Saved/Config/Windows/Engine.ini]
[2021.03.02-18.41.50:149][  0]LogInit: Computer: DESKTOP-OGQH2TG
[2021.03.02-18.41.50:149][  0]LogInit: User: lhutc
[2021.03.02-18.41.50:149][  0]LogInit: CPU Page size=4096, Cores=6
[2021.03.02-18.41.50:150][  0]LogInit: High frequency timer resolution =10.000000 MHz
[2021.03.02-18.41.50:150][  0]LogMemory: Memory total: Physical=15.9GB (16GB approx)
[2021.03.02-18.41.50:150][  0]LogMemory: Platform Memory Stats for Windows
[2021.03.02-18.41.50:150][  0]LogMemory: Process Physical Memory: 114.92 MB used, 114.93 MB peak
[2021.03.02-18.41.50:150][  0]LogMemory: Process Virtual Memory: 105.30 MB used, 105.30 MB peak
[2021.03.02-18.41.50:150][  0]LogMemory: Physical Memory: 7067.54 MB used,  9236.96 MB free, 16304.50 MB total
[2021.03.02-18.41.50:150][  0]LogMemory: Virtual Memory: 5173.11 MB used,  134212552.00 MB free, 134217728.00 MB total
[2021.03.02-18.41.50:154][  0]LogWindows: WindowsPlatformFeatures enabled
[2021.03.02-18.41.50:200][  0]LogInit: Physics initialised using underlying interface: PhysX
[2021.03.02-18.41.50:201][  0]LogInit: Using OS detected language (en-US).
[2021.03.02-18.41.50:201][  0]LogInit: Using OS detected locale (en-US).
[2021.03.02-18.41.50:204][  0]LogTextLocalizationManager: No specific localization for 'en-US' exists, so the 'en' localization will be used.
[2021.03.02-18.41.50:370][  0]LogInit: Setting process to per monitor DPI aware
[2021.03.02-18.41.50:410][  0]LogSlate: New Slate User Created.  User Index 0, Is Virtual User: 0
[2021.03.02-18.41.50:410][  0]LogSlate: Slate User Registered.  User Index 0, Is Virtual User: 0
[2021.03.02-18.41.50:556][  0]LogD3D12RHI: Aftermath initialized
[2021.03.02-18.41.50:556][  0]LogD3D12RHI: Loading WinPixEventRuntime.dll for PIX profiling (from ../../../Engine/Binaries/ThirdParty/Windows/WinPixEventRuntime/x64).
[2021.03.02-18.41.50:563][  0]LogHMD: Failed to initialize OpenVR with code 110
[2021.03.02-18.41.52:152][  0]LogD3D12RHI: Found D3D12 adapter 0: NVIDIA GeForce GTX 1070 Ti (Max supported Feature Level 12_1)
[2021.03.02-18.41.52:152][  0]LogD3D12RHI: Adapter has 8079MB of dedicated video memory, 0MB of dedicated system memory, and 8152MB of shared system memory, 1 output[s]
[2021.03.02-18.41.52:603][  0]LogD3D12RHI: Found D3D12 adapter 1: Microsoft Basic Render Driver (Max supported Feature Level 12_1)
[2021.03.02-18.41.52:603][  0]LogD3D12RHI: Adapter has 0MB of dedicated video memory, 0MB of dedicated system memory, and 8152MB of shared system memory, 0 output[s]
[2021.03.02-18.41.52:603][  0]LogD3D12RHI: Forcing D3D12.AsyncDeferredDeletion=0 as a workaround for a deadlock.
[2021.03.02-18.41.52:603][  0]LogD3D12RHI: Chosen D3D12 Adapter Id = 0
[2021.03.02-18.41.52:609][  0]LogD3D12RHI: Emitting draw events for PIX profiling.
[2021.03.02-18.41.52:700][  0]LogD3D12RHI: The system supports ID3D12Device1.
[2021.03.02-18.41.52:700][  0]LogD3D12RHI: The system supports ID3D12Device2.
[2021.03.02-18.41.52:982][  0]LogD3D12RHI: [GPUBreadCrumb] Successfully setup breadcrumb resource for 3D Queue 0
[2021.03.02-18.41.52:990][  0]LogD3D12RHI: [GPUBreadCrumb] Successfully setup breadcrumb resource for Copy Queue 0
[2021.03.02-18.41.53:005][  0]LogD3D12RHI: [GPUBreadCrumb] Successfully setup breadcrumb resource for Compute Queue 0
[2021.03.02-18.41.53:096][  0]LogD3D12RHI: Display: Not using pipeline state disk cache per r.D3D12.PSO.DiskCache=0
[2021.03.02-18.41.53:096][  0]LogD3D12RHI: Display: Not using driver-optimized pipeline state disk cache per r.D3D12.PSO.DriverOptimizedDiskCache=0
[2021.03.02-18.41.53:140][  0]LogD3D12RHI:     GPU DeviceId: 0x1b82 (for the marketing name, search the web for "GPU Device Id")
[2021.03.02-18.41.53:140][  0]LogWindows: EnumDisplayDevices:
[2021.03.02-18.41.53:140][  0]LogWindows:    0. 'NVIDIA GeForce GTX 1070 Ti' (P:1 D:1)
[2021.03.02-18.41.53:140][  0]LogWindows:    1. 'NVIDIA GeForce GTX 1070 Ti' (P:0 D:0)
[2021.03.02-18.41.53:141][  0]LogWindows:    2. 'NVIDIA GeForce GTX 1070 Ti' (P:0 D:0)
[2021.03.02-18.41.53:141][  0]LogWindows:    3. 'NVIDIA GeForce GTX 1070 Ti' (P:0 D:0)
[2021.03.02-18.41.53:141][  0]LogWindows: DebugString: FoundDriverCount:4 
[2021.03.02-18.41.53:141][  0]LogD3D12RHI:     Adapter Name: NVIDIA GeForce GTX 1070 Ti
[2021.03.02-18.41.53:141][  0]LogD3D12RHI:   Driver Version: 456.71 (internal:27.21.14.5671, unified:456.71)
[2021.03.02-18.41.53:141][  0]LogD3D12RHI:      Driver Date: 9-30-2020
[2021.03.02-18.41.53:141][  0]LogRHI: Texture pool is 4326 MB (70% of 6180 MB)
[2021.03.02-18.41.53:141][  0]LogD3D12RHI: Async texture creation enabled
[2021.03.02-18.41.53:141][  0]LogD3D12RHI: RHI has support for 64 bit atomics
[2021.03.02-18.41.53:432][  0]LogTargetPlatformManager: Display: Loaded TargetPlatform 'AllDesktop'
[2021.03.02-18.41.53:453][  0]LogTargetPlatformManager: Display: Loaded TargetPlatform 'Android'
[2021.03.02-18.41.53:453][  0]LogTargetPlatformManager: Display: Loaded TargetPlatform 'Android_ASTC'
[2021.03.02-18.41.53:453][  0]LogTargetPlatformManager: Display: Loaded TargetPlatform 'Android_DXT'
[2021.03.02-18.41.53:453][  0]LogTargetPlatformManager: Display: Loaded TargetPlatform 'Android_ETC2'
[2021.03.02-18.41.53:453][  0]LogTargetPlatformManager: Display: Loaded TargetPlatform 'AndroidClient'
[2021.03.02-18.41.53:453][  0]LogTargetPlatformManager: Display: Loaded TargetPlatform 'Android_ASTCClient'
[2021.03.02-18.41.53:453][  0]LogTargetPlatformManager: Display: Loaded TargetPlatform 'Android_DXTClient'
[2021.03.02-18.41.53:453][  0]LogTargetPlatformManager: Display: Loaded TargetPlatform 'Android_ETC2Client'
[2021.03.02-18.41.53:453][  0]LogTargetPlatformManager: Display: Loaded TargetPlatform 'Android_Multi'
[2021.03.02-18.41.53:453][  0]LogTargetPlatformManager: Display: Loaded TargetPlatform 'Android_MultiClient'
[2021.03.02-18.41.53:475][  0]LogTargetPlatformManager: Display: Loaded TargetPlatform 'IOSClient'
[2021.03.02-18.41.53:475][  0]LogTargetPlatformManager: Display: Loaded TargetPlatform 'IOS'
[2021.03.02-18.41.53:485][  0]LogTargetPlatformManager: Display: Loaded TargetPlatform 'Linux'
[2021.03.02-18.41.53:495][  0]LogTargetPlatformManager: Display: Loaded TargetPlatform 'LinuxNoEditor'
[2021.03.02-18.41.53:503][  0]LogTargetPlatformManager: Display: Loaded TargetPlatform 'LinuxClient'
[2021.03.02-18.41.53:512][  0]LogTargetPlatformManager: Display: Loaded TargetPlatform 'LinuxServer'
[2021.03.02-18.41.53:521][  0]LogTargetPlatformManager: Display: Loaded TargetPlatform 'LinuxAArch64NoEditor'
[2021.03.02-18.41.53:530][  0]LogTargetPlatformManager: Display: Loaded TargetPlatform 'LinuxAArch64Client'
[2021.03.02-18.41.53:539][  0]LogTargetPlatformManager: Display: Loaded TargetPlatform 'LinuxAArch64Server'
[2021.03.02-18.41.53:566][  0]LogTargetPlatformManager: Display: Loaded TargetPlatform 'Lumin'
[2021.03.02-18.41.53:566][  0]LogTargetPlatformManager: Display: Loaded TargetPlatform 'LuminClient'
[2021.03.02-18.41.53:581][  0]LogTargetPlatformManager: Display: Loaded TargetPlatform 'TVOSClient'
[2021.03.02-18.41.53:581][  0]LogTargetPlatformManager: Display: Loaded TargetPlatform 'TVOS'
[2021.03.02-18.41.53:590][  0]LogTargetPlatformManager: Display: Loaded TargetPlatform 'WindowsNoEditor'
[2021.03.02-18.41.53:600][  0]LogTargetPlatformManager: Display: Loaded TargetPlatform 'Windows'
[2021.03.02-18.41.53:609][  0]LogTargetPlatformManager: Display: Loaded TargetPlatform 'WindowsClient'
[2021.03.02-18.41.53:618][  0]LogTargetPlatformManager: Display: Loaded TargetPlatform 'WindowsServer'
[2021.03.02-18.41.53:618][  0]LogTargetPlatformManager: Display: Building Assets For Windows
[2021.03.02-18.41.53:625][  0]LogAudioDebug: Display: Lib vorbis DLL was dynamically loaded.
[2021.03.02-18.41.53:674][  0]LogShaderCompilers: Guid format shader working directory is -81 characters bigger than the processId version (../../../../../../Users/lhutc/OneDrive/Desktop/Software Dev Practice/Unreal Projects/SphereJumperV2/Sphere-Jumper/SphereJumper/Intermediate/Shaders/WorkingDirectory/12164/).
[2021.03.02-18.41.53:674][  0]LogShaderCompilers: Cleaned the shader compiler working directory 'C:/Users/lhutc/AppData/Local/Temp/UnrealShaderWorkingDir/A21F14EB4783FEBE89237C95A0663CB3/'.
[2021.03.02-18.41.53:674][  0]LogXGEController: Cannot use XGE Controller as Incredibuild is not installed on this machine.
[2021.03.02-18.41.53:674][  0]LogShaderCompilers: Cannot use XGE Shader Compiler as Incredibuild is not installed on this machine.
[2021.03.02-18.41.53:674][  0]LogShaderCompilers: Display: Using Local Shader Compiler.
[2021.03.02-18.41.54:453][  0]LogDerivedDataCache: Display: Max Cache Size: 512 MB
[2021.03.02-18.41.54:520][  0]LogDerivedDataCache: Loaded boot cache 0.07s 85MB C:/Users/lhutc/AppData/Local/UnrealEngine/4.25/DerivedDataCache/Boot.ddc.
[2021.03.02-18.41.54:520][  0]LogDerivedDataCache: Display: Loaded Boot cache: C:/Users/lhutc/AppData/Local/UnrealEngine/4.25/DerivedDataCache/Boot.ddc
[2021.03.02-18.41.54:520][  0]LogDerivedDataCache: FDerivedDataBackendGraph:  Pak pak cache file ../../../../../../Users/lhutc/OneDrive/Desktop/Software Dev Practice/Unreal Projects/SphereJumperV2/Sphere-Jumper/SphereJumper/DerivedDataCache/DDC.ddp not found, will not use a pak cache.
[2021.03.02-18.41.54:520][  0]LogDerivedDataCache: Unable to find inner node Pak for hierarchical cache Hierarchy.
[2021.03.02-18.41.54:520][  0]LogDerivedDataCache: FDerivedDataBackendGraph:  CompressedPak pak cache file ../../../../../../Users/lhutc/OneDrive/Desktop/Software Dev Practice/Unreal Projects/SphereJumperV2/Sphere-Jumper/SphereJumper/DerivedDataCache/Compressed.ddp not found, will not use a pak cache.
[2021.03.02-18.41.54:520][  0]LogDerivedDataCache: Unable to find inner node CompressedPak for hierarchical cache Hierarchy.
[2021.03.02-18.41.54:530][  0]LogDerivedDataCache: Display: Pak cache opened for reading ../../../Engine/DerivedDataCache/Compressed.ddp.
[2021.03.02-18.41.54:530][  0]LogDerivedDataCache: FDerivedDataBackendGraph:  EnterprisePak pak cache file ../../../Enterprise/DerivedDataCache/Compressed.ddp not found, will not use a pak cache.
[2021.03.02-18.41.54:530][  0]LogDerivedDataCache: Unable to find inner node EnterprisePak for hierarchical cache Hierarchy.
[2021.03.02-18.41.54:531][  0]LogDerivedDataCache: Using Local data cache path C:/Users/lhutc/AppData/Local/UnrealEngine/Common/DerivedDataCache: Writable
[2021.03.02-18.41.54:531][  0]LogDerivedDataCache: Shared data cache path not found in *engine.ini, will not use an Shared cache.
[2021.03.02-18.41.54:531][  0]LogDerivedDataCache: Unable to find inner node Shared for hierarchical cache Hierarchy.
[2021.03.02-18.41.54:585][  0]LogSlate: Using FreeType 2.10.0
[2021.03.02-18.41.54:585][  0]LogSlate: SlateFontServices - WITH_FREETYPE: 1, WITH_HARFBUZZ: 1
[2021.03.02-18.41.54:618][  0]LogAssetRegistry: FAssetRegistry took 0.0025 seconds to start up
[2021.03.02-18.41.54:848][  0]LogInit: Selected Device Profile: [Windows]
[2021.03.02-18.41.54:990][  0]LogMeshReduction: Using QuadricMeshReduction for automatic static mesh reduction
[2021.03.02-18.41.54:990][  0]LogMeshReduction: Using SimplygonMeshReduction for automatic skeletal mesh reduction
[2021.03.02-18.41.54:990][  0]LogMeshReduction: Using ProxyLODMeshReduction for automatic mesh merging
[2021.03.02-18.41.54:990][  0]LogMeshReduction: No distributed automatic mesh merging module available
[2021.03.02-18.41.54:990][  0]LogMeshMerging: No distributed automatic mesh merging module available
[2021.03.02-18.41.55:004][  0]LogNetVersion: SphereJumper 1.0.0, NetCL: 13144385, EngineNetVer: 14, GameNetVer: 0 (Checksum: 1491008675)
[2021.03.02-18.41.55:664][  0]LogAISub: UAISubsystem::UAISubsystem AISubsystem (00000272BA808540), frame # 0
[2021.03.02-18.41.55:664][  0]LogAISub: UAISubsystem::UAISubsystem AIPerceptionSystem (00000272BA63CA40), frame # 0
[2021.03.02-18.41.55:667][  0]LogAISub: UAISubsystem::UAISubsystem EnvQueryManager (00000272BA675E00), frame # 0
[2021.03.02-18.41.55:749][  0]LogPackageLocalizationCache: Processed 19 localized package path(s) for 1 prioritized culture(s) in 0.071359 seconds
[2021.03.02-18.41.55:754][  0]LogUObjectArray: 15917 objects as part of root set at end of initial load.
[2021.03.02-18.41.55:754][  0]LogUObjectAllocator: 3965568 out of 0 bytes used by permanent object pool.
[2021.03.02-18.41.55:754][  0]LogUObjectArray: CloseDisregardForGC: 0/0 objects in disregard for GC pool
[2021.03.02-18.41.56:073][  0]LogTcpMessaging: Initializing TcpMessaging bridge
[2021.03.02-18.41.56:077][  0]LogUdpMessaging: Initializing bridge on interface 0.0.0.0:0 to multicast group 230.0.0.1:6666.
[2021.03.02-18.41.56:149][  0]SourceControl: Source control is disabled
[2021.03.02-18.41.56:149][  0]SourceControl: Source control is disabled
[2021.03.02-18.41.56:151][  0]SourceControl: Source control is disabled
[2021.03.02-18.41.56:154][  0]SourceControl: Source control is disabled
[2021.03.02-18.41.56:160][  0]SourceControl: Source control is disabled
[2021.03.02-18.41.56:384][  0]LogAndroidPermission: UAndroidPermissionCallbackProxy::GetInstance
[2021.03.02-18.41.56:401][  0]LogAudioCaptureCore: Display: No Audio Capture implementations found. Audio input will be silent.
[2021.03.02-18.41.56:401][  0]LogAudioCaptureCore: Display: No Audio Capture implementations found. Audio input will be silent.
[2021.03.02-18.41.56:447][  0]LogOcInput: OculusInput pre-init called
[2021.03.02-18.41.56:457][  0]LogWindows: Failed to load 'OVRPlugin.dll' (GetLastError=126)
[2021.03.02-18.41.56:458][  0]LogWindows: File 'OVRPlugin.dll' does not exist
[2021.03.02-18.41.56:524][  0]LogEngine: Initializing Engine...
[2021.03.02-18.41.56:526][  0]LogHMD: Failed to initialize OpenVR with code 110
[2021.03.02-18.41.56:526][  0]LogMagicLeap: Warning: VR disabled because ZI is not enabled.  To enable, in the editor, Edit -> Project Settings -> Plugins -> Magic Leap Plugin -> Enable Zero Iteration
[2021.03.02-18.41.56:527][  0]LogStats: UGameplayTagsManager::InitializeManager -  0.000 s
[2021.03.02-18.41.56:718][  0]LogInit: Initializing FReadOnlyCVARCache
[2021.03.02-18.41.56:730][  0]LogAIModule: Creating AISystem for world Untitled
[2021.03.02-18.41.56:730][  0]LogAISub: UAISubsystem::UAISubsystem EnvQueryManager (00000272C31FFC00), frame # 0
[2021.03.02-18.41.56:730][  0]LogAISub: UAISubsystem::UAISubsystem AIPerceptionSystem (00000272C3271940), frame # 0
[2021.03.02-18.41.56:742][  0]LogAudioMixer: Display: Audio Mixer Platform Settings:
[2021.03.02-18.41.56:742][  0]LogAudioMixer: Display: 	Sample Rate:						  48000
[2021.03.02-18.41.56:742][  0]LogAudioMixer: Display: 	Callback Buffer Frame Size Requested: 1024
[2021.03.02-18.41.56:742][  0]LogAudioMixer: Display: 	Callback Buffer Frame Size To Use:	  1024
[2021.03.02-18.41.56:742][  0]LogAudioMixer: Display: 	Number of buffers to queue:			  2
[2021.03.02-18.41.56:742][  0]LogAudioMixer: Display: 	Max Channels (voices):				  32
[2021.03.02-18.41.56:742][  0]LogAudioMixer: Display: 	Number of Async Source Workers:		  0
[2021.03.02-18.41.56:742][  0]LogAudio: Display: AudioDevice MaxSources: 32
[2021.03.02-18.41.56:742][  0]LogAudio: Display: Using built-in audio occlusion.
[2021.03.02-18.41.56:742][  0]LogAudioMixer: Display: Initializing audio mixer.
[2021.03.02-18.41.56:756][  0]LogAudioMixer: Display: 0: FrontLeft
[2021.03.02-18.41.56:756][  0]LogAudioMixer: Display: 1: FrontRight
[2021.03.02-18.41.56:798][  0]LogAudioMixer: Display: Using Audio Device Headphones (3- Head Boss Stereo)
[2021.03.02-18.41.56:801][  0]LogAudioMixer: Display: Initializing Sound Submixes...
[2021.03.02-18.41.56:803][  0]LogAudioMixer: Display: Creating Master Submix 'MasterSubmixDefault'
[2021.03.02-18.41.56:803][  0]LogAudioMixer: Display: Creating Master Submix 'MasterReverbSubmixDefault'
[2021.03.02-18.41.56:804][  0]LogAudioMixer: Display: Creating Master Submix 'MasterEQSubmixDefault'
[2021.03.02-18.41.56:806][  0]LogInit: FAudioDevice initialized.
[2021.03.02-18.41.56:806][  0]LogNetVersion: Set ProjectVersion to 1.0.0.0. Version Checksum will be recalculated on next use.
[2021.03.02-18.41.57:030][  0]LogDerivedDataCache: Saved boot cache 0.22s 85MB C:/Users/lhutc/AppData/Local/UnrealEngine/4.25/DerivedDataCache/Boot.ddc.
[2021.03.02-18.41.57:035][  0]LogInit: Texture streaming: Enabled
[2021.03.02-18.41.57:052][  0]LogEngineSessionManager: EngineSessionManager initialized
[2021.03.02-18.41.57:052][  0]LogEditorSessionSummary: Verbose: Initializing EditorSessionSummaryWriter for editor session tracking
[2021.03.02-18.41.57:053][  0]LogEditorSessionSummary: EditorSessionSummaryWriter initialized
[2021.03.02-18.41.57:115][  0]LogInit: Transaction tracking system initialized
[2021.03.02-18.41.57:134][  0]BlueprintLog: New page: Editor Load
[2021.03.02-18.41.57:209][  0]LocalizationService: Localization service is disabled
[2021.03.02-18.41.57:480][  0]LogCook: Display: Max memory allowance for cook 16384mb min free memory 0mb
[2021.03.02-18.41.57:480][  0]LogCook: Display: Mobile HDR setting 1
[2021.03.02-18.41.57:645][  0]LogFileCache: Scanning file cache for directory 'C:/Users/lhutc/OneDrive/Desktop/Software Dev Practice/Unreal Projects/SphereJumperV2/Sphere-Jumper/SphereJumper/Content/' took 0.01s
[2021.03.02-18.41.57:865][  0]SourceControl: Source control is disabled
[2021.03.02-18.41.57:865][  0]LogUnrealEdMisc: Loading editor; pre map load, took 9.605
[2021.03.02-18.41.58:256][  0]LightingResults: New page: Lighting Build
[2021.03.02-18.41.58:257][  0]LogWorld: UWorld::CleanupWorld for Untitled, bSessionEnded=true, bCleanupResources=true
[2021.03.02-18.41.58:257][  0]LogSlate: InvalidateAllWidgets triggered.  All widgets were invalidated
[2021.03.02-18.41.58:257][  0]MapCheck: New page: Map Check
[2021.03.02-18.41.58:257][  0]LightingResults: New page: Lighting Build
[2021.03.02-18.41.58:269][  0]LogAISub: UAISubsystem::~UAISubsystem EnvQueryManager (00000272C31FFC00), frame # 0
[2021.03.02-18.41.58:269][  0]LogAISub: UAISubsystem::~UAISubsystem AIPerceptionSystem (00000272C3271940), frame # 0
[2021.03.02-18.41.58:270][  0]LogUObjectHash: Compacting FUObjectHashTables data took   0.69ms
[2021.03.02-18.42.01:024][  0]LogAIModule: Creating AISystem for world Minimal_Default
[2021.03.02-18.42.01:024][  0]LogAISub: UAISubsystem::UAISubsystem EnvQueryManager (00000272AECA7E00), frame # 0
[2021.03.02-18.42.01:024][  0]LogAISub: UAISubsystem::UAISubsystem AIPerceptionSystem (00000272C3428F40), frame # 0
[2021.03.02-18.42.01:220][  0]LogEditorServer: Finished looking for orphan Actors (0.000 secs)
[2021.03.02-18.42.01:282][  0]LogUObjectHash: Compacting FUObjectHashTables data took   0.84ms
[2021.03.02-18.42.01:283][  0]Cmd: MAP CHECKDEP NOCLEARLOG
[2021.03.02-18.42.01:283][  0]MapCheck: Map check complete: 0 Error(s), 0 Warning(s), took 0.159ms to complete.
[2021.03.02-18.42.01:283][  0]LogFileHelpers: Loading map 'Minimal_Default' took 3.418
[2021.03.02-18.42.01:301][  0]LogUnrealEdMisc: Total Editor Startup Time, took 13.042
[2021.03.02-18.42.02:191][  0]LogSlate: Updating window title bar state: overlay mode, drag disabled, window buttons hidden, title bar hidden
[2021.03.02-18.42.02:201][  0]LogSlate: Updating window title bar state: overlay mode, drag disabled, window buttons hidden, title bar hidden
[2021.03.02-18.42.02:210][  0]LogSlate: Updating window title bar state: overlay mode, drag disabled, window buttons hidden, title bar hidden
[2021.03.02-18.42.02:217][  0]LogSlate: Updating window title bar state: overlay mode, drag disabled, window buttons hidden, title bar hidden
[2021.03.02-18.42.02:324][  0]LogCollectionManager: Loaded 0 collections in 0.002369 seconds
[2021.03.02-18.42.02:440][  0]LogFileCache: Scanning file cache for directory 'C:/Users/lhutc/OneDrive/Desktop/Software Dev Practice/Unreal Projects/SphereJumperV2/Sphere-Jumper/SphereJumper/Saved/Collections/' took 0.00s
[2021.03.02-18.42.02:440][  0]LogFileCache: Scanning file cache for directory 'C:/Users/lhutc/OneDrive/Desktop/Software Dev Practice/Unreal Projects/SphereJumperV2/Sphere-Jumper/SphereJumper/Content/Developers/lhutc/Collections/' took 0.00s
[2021.03.02-18.42.02:440][  0]LogFileCache: Scanning file cache for directory 'C:/Users/lhutc/OneDrive/Desktop/Software Dev Practice/Unreal Projects/SphereJumperV2/Sphere-Jumper/SphereJumper/Content/Collections/' took 0.00s
[2021.03.02-18.42.02:440][  0]LogContentBrowser: Native class hierarchy populated in 0.0097 seconds. Added 3427 classes and 821 folders.
[2021.03.02-18.42.02:532][  0]LogContentBrowser: Native class hierarchy updated for 'WidgetCarousel' in 0.0006 seconds. Added 0 classes and 0 folders.
[2021.03.02-18.42.04:006][  0]LogContentBrowser: Native class hierarchy updated for 'AddContentDialog' in 0.0003 seconds. Added 0 classes and 0 folders.
[2021.03.02-18.42.04:027][  0]LogContentBrowser: Native class hierarchy updated for 'SceneOutliner' in 0.0003 seconds. Added 2 classes and 0 folders.
[2021.03.02-18.42.04:955][  0]LogSlate: Took 0.000165 seconds to synchronously load lazily loaded font '../../../Engine/Content/Slate/Fonts/Roboto-Regular.ttf' (155K)
[2021.03.02-18.42.04:957][  0]LogSlate: Took 0.000136 seconds to synchronously load lazily loaded font '../../../Engine/Content/Slate/Fonts/Roboto-Bold.ttf' (160K)
[2021.03.02-18.42.05:021][  0]LogSlate: Took 0.017041 seconds to synchronously load lazily loaded font '../../../Engine/Content/Editor/Slate/Fonts/FontAwesome.ttf' (139K)
[2021.03.02-18.42.05:533][  0]LogRenderer: Reallocating scene render targets to support 1164x944 Format 10 NumSamples 1 (Frame:1).
[2021.03.02-18.42.06:716][  0]LogContentBrowser: Native class hierarchy updated for 'HierarchicalLODOutliner' in 0.0003 seconds. Added 0 classes and 0 folders.
[2021.03.02-18.42.06:716][  0]LogLoad: (Engine Initialization) Total time: 18.46 seconds
[2021.03.02-18.42.06:716][  0]LogLoad: (Engine Initialization) Total Blueprint compile time: 0.00 seconds
[2021.03.02-18.42.06:869][  0]LogContentStreaming: Texture pool size now 1000 MB
[2021.03.02-18.42.06:973][  1]LogAssetRegistry: Asset discovery search completed in 12.3564 seconds
[2021.03.02-18.42.06:978][  1]LogCollectionManager: Fixed up redirectors for 0 collections in 0.000004 seconds (updated 0 objects)
[2021.03.02-18.43.31:852][990]LogEditorViewport: Clicking on Actor (LMB): BP_Sky_Sphere_C (BP_Sky_Sphere7)
[2021.03.02-18.44.13:976][563]LogSlate: Took 0.027485 seconds to synchronously load lazily loaded font '../../../Engine/Content/Slate/Fonts/Roboto-Light.ttf' (167K)
[2021.03.02-18.44.13:991][563]LogAssetEditorSubsystem: Opening Asset editor for WidgetBlueprint /Game/Blueprints/GameUI.GameUI
[2021.03.02-18.44.15:186][563]LogContentBrowser: Native class hierarchy updated for 'BlueprintGraph' in 0.0011 seconds. Added 125 classes and 0 folders.
[2021.03.02-18.44.17:505][563]LogSlate: Took 0.000216 seconds to synchronously load lazily loaded font '../../../Engine/Content/Slate/Fonts/Roboto-BoldCondensed.ttf' (158K)
[2021.03.02-18.44.55:917][600]LogAssetEditorSubsystem: Opening Asset editor for Blueprint /Game/Blueprints/Player.Player
[2021.03.02-18.44.56:783][601]LogSlate: Took 0.027371 seconds to synchronously load lazily loaded font '../../../Engine/Content/Slate/Fonts/Roboto-Italic.ttf' (157K)
[2021.03.02-18.45.56:783][984]LogWorld: UWorld::CleanupWorld for World_7, bSessionEnded=true, bCleanupResources=true
[2021.03.02-18.45.56:784][984]LogSlate: InvalidateAllWidgets triggered.  All widgets were invalidated
[2021.03.02-18.49.10:128][505]BlueprintLog: New page: Compile GameUI
[2021.03.02-18.49.10:207][505]LogUObjectHash: Compacting FUObjectHashTables data took   4.32ms
[2021.03.02-18.49.20:047][458]LogAssetEditorSubsystem: Opening Asset editor for Blueprint /Game/Blueprints/Player.Player
[2021.03.02-18.51.24:453][656]BlueprintLog: New page: Compile Player
[2021.03.02-18.51.24:539][656]LogUObjectHash: Compacting FUObjectHashTables data took   3.93ms
[2021.03.02-18.51.24:630][656]LogSlate: Took 0.020671 seconds to synchronously load lazily loaded font '../../../Engine/Content/Slate/Fonts/DroidSansMono.ttf' (77K)
[2021.03.02-18.51.25:689][778]LogRenderer: Reallocating scene render targets to support 1164x964 Format 10 NumSamples 1 (Frame:1).
[2021.03.02-18.53.33:740][672]LogUObjectHash: Compacting FUObjectHashTables data took   4.09ms
[2021.03.02-18.53.33:744][672]LogFileHelpers: Editor autosave (incl. sublevels) for '/Game/StarterContent/Maps/Minimal_Default' took 0.038
[2021.03.02-18.53.33:752][672]OBJ SavePackage: Generating thumbnails for [1] asset(s) in package [/Game/Blueprints/Player] ([1] browsable assets)...
[2021.03.02-18.53.33:765][672]OBJ SavePackage:     Rendered thumbnail for [Blueprint /Game/Blueprints/Player.Player]
[2021.03.02-18.53.33:765][672]OBJ SavePackage: Finished generating thumbnails for package [/Game/Blueprints/Player]
[2021.03.02-18.53.33:872][672]LogSavePackage: Moving '../../../../../../Users/lhutc/OneDrive/Desktop/Software Dev Practice/Unreal Projects/SphereJumperV2/Sphere-Jumper/SphereJumper/Saved/Player_Auto1EFB62C5148096E9277E0AEB029AD31C9.tmp' to '../../../../../../Users/lhutc/OneDrive/Desktop/Software Dev Practice/Unreal Projects/SphereJumperV2/Sphere-Jumper/SphereJumper/Saved/Autosaves/Game/Blueprints/Player_Auto1.uasset'
[2021.03.02-18.53.33:913][672]OBJ SavePackage: Generating thumbnails for [0] asset(s) in package [/Game/Blueprints/GameUI] ([1] browsable assets)...
[2021.03.02-18.53.33:914][672]OBJ SavePackage: Finished generating thumbnails for package [/Game/Blueprints/GameUI]
[2021.03.02-18.53.33:952][672]LogSavePackage: Moving '../../../../../../Users/lhutc/OneDrive/Desktop/Software Dev Practice/Unreal Projects/SphereJumperV2/Sphere-Jumper/SphereJumper/Saved/GameUI_Auto1764FB8314A8C54E94C1840941288200B.tmp' to '../../../../../../Users/lhutc/OneDrive/Desktop/Software Dev Practice/Unreal Projects/SphereJumperV2/Sphere-Jumper/SphereJumper/Saved/Autosaves/Game/Blueprints/GameUI_Auto1.uasset'
[2021.03.02-18.53.33:952][672]LogFileHelpers: Auto-saving content packages took 0.208
[2021.03.02-18.53.40:275][113]BlueprintLog: New page: Compile Player
[2021.03.02-18.53.40:332][113]LogUObjectHash: Compacting FUObjectHashTables data took   2.83ms
[2021.03.02-18.56.23:247][564]LogTemp: Repeating last play command: Selected Viewport
[2021.03.02-18.56.23:314][564]LogPlayLevel: PlayLevel: No blueprints needed recompiling
[2021.03.02-18.56.23:348][564]PIE: New page: PIE session: Minimal_Default (Mar 2, 2021, 8:56:23 AM)
[2021.03.02-18.56.23:398][564]LogOnline: OSS: Creating online subsystem instance for: NULL
[2021.03.02-18.56.23:400][564]LogOnline: OSS: TryLoadSubsystemAndSetDefault: Loaded subsystem for module [NULL]
[2021.03.02-18.56.23:416][564]LogPlayLevel: Creating play world package: /Game/StarterContent/Maps/UEDPIE_0_Minimal_Default
[2021.03.02-18.56.23:423][564]LogPlayLevel: PIE: StaticDuplicateObject took: (0.007106s)
[2021.03.02-18.56.23:424][564]LogAIModule: Creating AISystem for world Minimal_Default
[2021.03.02-18.56.23:424][564]LogAISub: UAISubsystem::UAISubsystem EnvQueryManager (000002730A841C00), frame # 72564
[2021.03.02-18.56.23:424][564]LogAISub: UAISubsystem::UAISubsystem AIPerceptionSystem (00000272EA576700), frame # 72564
[2021.03.02-18.56.23:444][564]LogPlayLevel: PIE: World Init took: (0.001192s)
[2021.03.02-18.56.23:444][564]LogPlayLevel: PIE: Created PIE world by copying editor world from /Game/StarterContent/Maps/Minimal_Default.Minimal_Default to /Game/StarterContent/Maps/UEDPIE_0_Minimal_Default.Minimal_Default (0.027833s)
[2021.03.02-18.56.23:486][564]LogUObjectHash: Compacting FUObjectHashTables data took   3.97ms
[2021.03.02-18.56.23:488][564]LogAudioMixer: Display: Audio Mixer Platform Settings:
[2021.03.02-18.56.23:488][564]LogAudioMixer: Display: 	Sample Rate:						  48000
[2021.03.02-18.56.23:488][564]LogAudioMixer: Display: 	Callback Buffer Frame Size Requested: 1024
[2021.03.02-18.56.23:488][564]LogAudioMixer: Display: 	Callback Buffer Frame Size To Use:	  1024
[2021.03.02-18.56.23:488][564]LogAudioMixer: Display: 	Number of buffers to queue:			  2
[2021.03.02-18.56.23:488][564]LogAudioMixer: Display: 	Max Channels (voices):				  32
[2021.03.02-18.56.23:488][564]LogAudioMixer: Display: 	Number of Async Source Workers:		  0
[2021.03.02-18.56.23:488][564]LogAudio: Display: AudioDevice MaxSources: 32
[2021.03.02-18.56.23:489][564]LogAudio: Display: Using built-in audio occlusion.
[2021.03.02-18.56.23:489][564]LogAudioMixer: Display: Initializing audio mixer.
[2021.03.02-18.56.23:494][564]LogAudioMixer: Display: 0: FrontLeft
[2021.03.02-18.56.23:494][564]LogAudioMixer: Display: 1: FrontRight
[2021.03.02-18.56.23:513][564]LogAudioMixer: Display: Using Audio Device Headphones (3- Head Boss Stereo)
[2021.03.02-18.56.23:513][564]LogAudioMixer: Display: Initializing Sound Submixes...
[2021.03.02-18.56.23:513][564]LogAudioMixer: Display: Creating Master Submix 'MasterSubmixDefault'
[2021.03.02-18.56.23:513][564]LogAudioMixer: Display: Creating Master Submix 'MasterReverbSubmixDefault'
[2021.03.02-18.56.23:514][564]LogAudioMixer: Display: Creating Master Submix 'MasterEQSubmixDefault'
[2021.03.02-18.56.23:531][564]LogInit: FAudioDevice initialized.
[2021.03.02-18.56.23:579][564]LogLoad: Game class is 'MyGameMode_C'
[2021.03.02-18.56.23:582][564]LogWorld: Bringing World /Game/StarterContent/Maps/UEDPIE_0_Minimal_Default.Minimal_Default up for play (max tick rate 0) at 2021.03.02-13.56.23
[2021.03.02-18.56.23:582][564]LogWorld: Bringing up level for play took: 0.002077
[2021.03.02-18.56.23:582][564]LogOnline: OSS: Creating online subsystem instance for: :Context_10
[2021.03.02-18.56.23:608][564]LogContentBrowser: Native class hierarchy updated for 'MovieSceneCapture' in 0.0005 seconds. Added 20 classes and 0 folders.
[2021.03.02-18.56.23:655][564]PIE: Server logged in
[2021.03.02-18.56.23:656][564]PIE: Play in editor total start time 0.386 seconds.
[2021.03.02-18.56.39:658][390]LogNet: Browse: /Game/StarterContent/Maps/Minimal_Default
[2021.03.02-18.56.39:658][390]LogLoad: LoadMap: /Game/StarterContent/Maps/Minimal_Default
[2021.03.02-18.56.39:658][390]LogWorld: BeginTearingDown for /Game/StarterContent/Maps/UEDPIE_0_Minimal_Default
[2021.03.02-18.56.39:658][390]LogWorld: UWorld::CleanupWorld for Minimal_Default, bSessionEnded=true, bCleanupResources=true
[2021.03.02-18.56.39:659][390]LogSlate: InvalidateAllWidgets triggered.  All widgets were invalidated
[2021.03.02-18.56.39:777][390]LogAISub: UAISubsystem::~UAISubsystem AIPerceptionSystem (00000272EA576700), frame # 74390
[2021.03.02-18.56.39:777][390]LogAISub: UAISubsystem::~UAISubsystem EnvQueryManager (000002730A841C00), frame # 74390
[2021.03.02-18.56.39:804][390]LogUObjectHash: Compacting FUObjectHashTables data took   4.82ms
[2021.03.02-18.56.39:805][390]LogPlayLevel: Creating play world package: /Game/StarterContent/Maps/UEDPIE_0_Minimal_Default
[2021.03.02-18.56.39:814][390]LogPlayLevel: PIE: StaticDuplicateObject took: (0.007176s)
[2021.03.02-18.56.39:815][390]LogAIModule: Creating AISystem for world Minimal_Default
[2021.03.02-18.56.39:815][390]LogAISub: UAISubsystem::UAISubsystem EnvQueryManager (0000027349775600), frame # 74390
[2021.03.02-18.56.39:815][390]LogAISub: UAISubsystem::UAISubsystem AIPerceptionSystem (000002734BE88E00), frame # 74390
[2021.03.02-18.56.39:815][390]LogPlayLevel: PIE: World Init took: (0.001050s)
[2021.03.02-18.56.39:815][390]LogPlayLevel: PIE: Created PIE world by copying editor world from /Game/StarterContent/Maps/Minimal_Default.Minimal_Default to /Game/StarterContent/Maps/UEDPIE_0_Minimal_Default.Minimal_Default (0.009740s)
[2021.03.02-18.56.39:815][390]LogLoad: Game class is 'MyGameMode_C'
[2021.03.02-18.56.39:817][390]LogWorld: Bringing World /Game/StarterContent/Maps/UEDPIE_0_Minimal_Default.Minimal_Default up for play (max tick rate 0) at 2021.03.02-13.56.39
[2021.03.02-18.56.39:817][390]LogWorld: Bringing up level for play took: 0.001076
[2021.03.02-18.56.39:819][390]LogLoad: Took 0.161550 seconds to LoadMap(/Game/StarterContent/Maps/UEDPIE_0_Minimal_Default)
[2021.03.02-18.56.45:289][ 42]LogNet: Browse: /Game/StarterContent/Maps/Minimal_Default
[2021.03.02-18.56.45:289][ 42]LogLoad: LoadMap: /Game/StarterContent/Maps/Minimal_Default
[2021.03.02-18.56.45:289][ 42]LogWorld: BeginTearingDown for /Game/StarterContent/Maps/UEDPIE_0_Minimal_Default
[2021.03.02-18.56.45:290][ 42]LogWorld: UWorld::CleanupWorld for Minimal_Default, bSessionEnded=true, bCleanupResources=true
[2021.03.02-18.56.45:290][ 42]LogSlate: InvalidateAllWidgets triggered.  All widgets were invalidated
[2021.03.02-18.56.45:378][ 42]LogAISub: UAISubsystem::~UAISubsystem AIPerceptionSystem (000002734BE88E00), frame # 75042
[2021.03.02-18.56.45:378][ 42]LogAISub: UAISubsystem::~UAISubsystem EnvQueryManager (0000027349775600), frame # 75042
[2021.03.02-18.56.45:385][ 42]LogUObjectHash: Compacting FUObjectHashTables data took   4.01ms
[2021.03.02-18.56.45:386][ 42]LogPlayLevel: Creating play world package: /Game/StarterContent/Maps/UEDPIE_0_Minimal_Default
[2021.03.02-18.56.45:393][ 42]LogPlayLevel: PIE: StaticDuplicateObject took: (0.006153s)
[2021.03.02-18.56.45:393][ 42]LogAIModule: Creating AISystem for world Minimal_Default
[2021.03.02-18.56.45:394][ 42]LogAISub: UAISubsystem::UAISubsystem EnvQueryManager (000002734AC21200), frame # 75042
[2021.03.02-18.56.45:394][ 42]LogAISub: UAISubsystem::UAISubsystem AIPerceptionSystem (0000027347C0A0C0), frame # 75042
[2021.03.02-18.56.45:394][ 42]LogPlayLevel: PIE: World Init took: (0.001008s)
[2021.03.02-18.56.45:394][ 42]LogPlayLevel: PIE: Created PIE world by copying editor world from /Game/StarterContent/Maps/Minimal_Default.Minimal_Default to /Game/StarterContent/Maps/UEDPIE_0_Minimal_Default.Minimal_Default (0.007290s)
[2021.03.02-18.56.45:394][ 42]LogLoad: Game class is 'MyGameMode_C'
[2021.03.02-18.56.45:395][ 42]LogWorld: Bringing World /Game/StarterContent/Maps/UEDPIE_0_Minimal_Default.Minimal_Default up for play (max tick rate 0) at 2021.03.02-13.56.45
[2021.03.02-18.56.45:395][ 42]LogWorld: Bringing up level for play took: 0.001069
[2021.03.02-18.56.45:397][ 42]LogLoad: Took 0.107603 seconds to LoadMap(/Game/StarterContent/Maps/UEDPIE_0_Minimal_Default)
[2021.03.02-18.56.50:929][702]LogNet: Browse: /Game/StarterContent/Maps/Minimal_Default
[2021.03.02-18.56.50:929][702]LogLoad: LoadMap: /Game/StarterContent/Maps/Minimal_Default
[2021.03.02-18.56.50:929][702]LogWorld: BeginTearingDown for /Game/StarterContent/Maps/UEDPIE_0_Minimal_Default
[2021.03.02-18.56.50:929][702]LogWorld: UWorld::CleanupWorld for Minimal_Default, bSessionEnded=true, bCleanupResources=true
[2021.03.02-18.56.50:930][702]LogSlate: InvalidateAllWidgets triggered.  All widgets were invalidated
[2021.03.02-18.56.51:008][702]LogAISub: UAISubsystem::~UAISubsystem AIPerceptionSystem (0000027347C0A0C0), frame # 75702
[2021.03.02-18.56.51:008][702]LogAISub: UAISubsystem::~UAISubsystem EnvQueryManager (000002734AC21200), frame # 75702
[2021.03.02-18.56.51:011][702]LogUObjectHash: Compacting FUObjectHashTables data took   3.46ms
[2021.03.02-18.56.51:014][702]LogPlayLevel: Creating play world package: /Game/StarterContent/Maps/UEDPIE_0_Minimal_Default
[2021.03.02-18.56.51:021][702]LogPlayLevel: PIE: StaticDuplicateObject took: (0.007309s)
[2021.03.02-18.56.51:022][702]LogAIModule: Creating AISystem for world Minimal_Default
[2021.03.02-18.56.51:022][702]LogAISub: UAISubsystem::UAISubsystem EnvQueryManager (000002734AC20A00), frame # 75702
[2021.03.02-18.56.51:022][702]LogAISub: UAISubsystem::UAISubsystem AIPerceptionSystem (0000027347C0B4C0), frame # 75702
[2021.03.02-18.56.51:022][702]LogPlayLevel: PIE: World Init took: (0.001049s)
[2021.03.02-18.56.51:022][702]LogPlayLevel: PIE: Created PIE world by copying editor world from /Game/StarterContent/Maps/Minimal_Default.Minimal_Default to /Game/StarterContent/Maps/UEDPIE_0_Minimal_Default.Minimal_Default (0.008500s)
[2021.03.02-18.56.51:022][702]LogLoad: Game class is 'MyGameMode_C'
[2021.03.02-18.56.51:023][702]LogWorld: Bringing World /Game/StarterContent/Maps/UEDPIE_0_Minimal_Default.Minimal_Default up for play (max tick rate 0) at 2021.03.02-13.56.51
[2021.03.02-18.56.51:024][702]LogWorld: Bringing up level for play took: 0.001094
[2021.03.02-18.56.51:025][702]LogLoad: Took 0.095890 seconds to LoadMap(/Game/StarterContent/Maps/UEDPIE_0_Minimal_Default)
[2021.03.02-18.57.07:354][656]LogNet: Browse: /Game/StarterContent/Maps/Minimal_Default
[2021.03.02-18.57.07:354][656]LogLoad: LoadMap: /Game/StarterContent/Maps/Minimal_Default
[2021.03.02-18.57.07:354][656]LogWorld: BeginTearingDown for /Game/StarterContent/Maps/UEDPIE_0_Minimal_Default
[2021.03.02-18.57.07:355][656]LogWorld: UWorld::CleanupWorld for Minimal_Default, bSessionEnded=true, bCleanupResources=true
[2021.03.02-18.57.07:355][656]LogSlate: InvalidateAllWidgets triggered.  All widgets were invalidated
[2021.03.02-18.57.07:439][656]LogAISub: UAISubsystem::~UAISubsystem AIPerceptionSystem (0000027347C0B4C0), frame # 77656
[2021.03.02-18.57.07:439][656]LogAISub: UAISubsystem::~UAISubsystem EnvQueryManager (000002734AC20A00), frame # 77656
[2021.03.02-18.57.07:442][656]LogUObjectHash: Compacting FUObjectHashTables data took   3.01ms
[2021.03.02-18.57.07:444][656]LogPlayLevel: Creating play world package: /Game/StarterContent/Maps/UEDPIE_0_Minimal_Default
[2021.03.02-18.57.07:450][656]LogPlayLevel: PIE: StaticDuplicateObject took: (0.006219s)
[2021.03.02-18.57.07:451][656]LogAIModule: Creating AISystem for world Minimal_Default
[2021.03.02-18.57.07:451][656]LogAISub: UAISubsystem::UAISubsystem EnvQueryManager (000002734AC23000), frame # 77656
[2021.03.02-18.57.07:452][656]LogAISub: UAISubsystem::UAISubsystem AIPerceptionSystem (000002734BE8AAC0), frame # 77656
[2021.03.02-18.57.07:452][656]LogPlayLevel: PIE: World Init took: (0.001156s)
[2021.03.02-18.57.07:452][656]LogPlayLevel: PIE: Created PIE world by copying editor world from /Game/StarterContent/Maps/Minimal_Default.Minimal_Default to /Game/StarterContent/Maps/UEDPIE_0_Minimal_Default.Minimal_Default (0.007500s)
[2021.03.02-18.57.07:452][656]LogLoad: Game class is 'MyGameMode_C'
[2021.03.02-18.57.07:453][656]LogWorld: Bringing World /Game/StarterContent/Maps/UEDPIE_0_Minimal_Default.Minimal_Default up for play (max tick rate 0) at 2021.03.02-13.57.07
[2021.03.02-18.57.07:453][656]LogWorld: Bringing up level for play took: 0.001073
[2021.03.02-18.57.07:455][656]LogLoad: Took 0.100510 seconds to LoadMap(/Game/StarterContent/Maps/UEDPIE_0_Minimal_Default)
[2021.03.02-18.57.27:793][ 87]LogNet: Browse: /Game/StarterContent/Maps/Minimal_Default
[2021.03.02-18.57.27:793][ 87]LogLoad: LoadMap: /Game/StarterContent/Maps/Minimal_Default
[2021.03.02-18.57.27:793][ 87]LogWorld: BeginTearingDown for /Game/StarterContent/Maps/UEDPIE_0_Minimal_Default
[2021.03.02-18.57.27:793][ 87]LogWorld: UWorld::CleanupWorld for Minimal_Default, bSessionEnded=true, bCleanupResources=true
[2021.03.02-18.57.27:793][ 87]LogSlate: InvalidateAllWidgets triggered.  All widgets were invalidated
[2021.03.02-18.57.27:870][ 87]LogAISub: UAISubsystem::~UAISubsystem AIPerceptionSystem (000002734BE8AAC0), frame # 80087
[2021.03.02-18.57.27:871][ 87]LogAISub: UAISubsystem::~UAISubsystem EnvQueryManager (000002734AC23000), frame # 80087
[2021.03.02-18.57.27:874][ 87]LogUObjectHash: Compacting FUObjectHashTables data took   3.07ms
[2021.03.02-18.57.27:876][ 87]LogPlayLevel: Creating play world package: /Game/StarterContent/Maps/UEDPIE_0_Minimal_Default
[2021.03.02-18.57.27:882][ 87]LogPlayLevel: PIE: StaticDuplicateObject took: (0.006261s)
[2021.03.02-18.57.27:883][ 87]LogAIModule: Creating AISystem for world Minimal_Default
[2021.03.02-18.57.27:883][ 87]LogAISub: UAISubsystem::UAISubsystem EnvQueryManager (00000273481D8200), frame # 80087
[2021.03.02-18.57.27:883][ 87]LogAISub: UAISubsystem::UAISubsystem AIPerceptionSystem (0000027347B9E480), frame # 80087
[2021.03.02-18.57.27:883][ 87]LogPlayLevel: PIE: World Init took: (0.001013s)
[2021.03.02-18.57.27:883][ 87]LogPlayLevel: PIE: Created PIE world by copying editor world from /Game/StarterContent/Maps/Minimal_Default.Minimal_Default to /Game/StarterContent/Maps/UEDPIE_0_Minimal_Default.Minimal_Default (0.007406s)
[2021.03.02-18.57.27:883][ 87]LogLoad: Game class is 'MyGameMode_C'
[2021.03.02-18.57.27:885][ 87]LogWorld: Bringing World /Game/StarterContent/Maps/UEDPIE_0_Minimal_Default.Minimal_Default up for play (max tick rate 0) at 2021.03.02-13.57.27
[2021.03.02-18.57.27:885][ 87]LogWorld: Bringing up level for play took: 0.001080
[2021.03.02-18.57.27:887][ 87]LogLoad: Took 0.094060 seconds to LoadMap(/Game/StarterContent/Maps/UEDPIE_0_Minimal_Default)
[2021.03.02-18.57.30:676][418]LogNet: Browse: /Game/StarterContent/Maps/Minimal_Default
[2021.03.02-18.57.30:676][418]LogLoad: LoadMap: /Game/StarterContent/Maps/Minimal_Default
[2021.03.02-18.57.30:676][418]LogWorld: BeginTearingDown for /Game/StarterContent/Maps/UEDPIE_0_Minimal_Default
[2021.03.02-18.57.30:676][418]LogWorld: UWorld::CleanupWorld for Minimal_Default, bSessionEnded=true, bCleanupResources=true
[2021.03.02-18.57.30:677][418]LogSlate: InvalidateAllWidgets triggered.  All widgets were invalidated
[2021.03.02-18.57.30:746][418]LogAISub: UAISubsystem::~UAISubsystem AIPerceptionSystem (0000027347B9E480), frame # 80418
[2021.03.02-18.57.30:746][418]LogAISub: UAISubsystem::~UAISubsystem EnvQueryManager (00000273481D8200), frame # 80418
[2021.03.02-18.57.30:750][418]LogUObjectHash: Compacting FUObjectHashTables data took   4.07ms
[2021.03.02-18.57.30:751][418]LogPlayLevel: Creating play world package: /Game/StarterContent/Maps/UEDPIE_0_Minimal_Default
[2021.03.02-18.57.30:759][418]LogPlayLevel: PIE: StaticDuplicateObject took: (0.007509s)
[2021.03.02-18.57.30:760][418]LogAIModule: Creating AISystem for world Minimal_Default
[2021.03.02-18.57.30:760][418]LogAISub: UAISubsystem::UAISubsystem EnvQueryManager (0000027348D44A00), frame # 80418
[2021.03.02-18.57.30:760][418]LogAISub: UAISubsystem::UAISubsystem AIPerceptionSystem (0000027347C09F80), frame # 80418
[2021.03.02-18.57.30:760][418]LogPlayLevel: PIE: World Init took: (0.001018s)
[2021.03.02-18.57.30:760][418]LogPlayLevel: PIE: Created PIE world by copying editor world from /Game/StarterContent/Maps/Minimal_Default.Minimal_Default to /Game/StarterContent/Maps/UEDPIE_0_Minimal_Default.Minimal_Default (0.008678s)
[2021.03.02-18.57.30:760][418]LogLoad: Game class is 'MyGameMode_C'
[2021.03.02-18.57.30:762][418]LogWorld: Bringing World /Game/StarterContent/Maps/UEDPIE_0_Minimal_Default.Minimal_Default up for play (max tick rate 0) at 2021.03.02-13.57.30
[2021.03.02-18.57.30:762][418]LogWorld: Bringing up level for play took: 0.001087
[2021.03.02-18.57.30:763][418]LogLoad: Took 0.087708 seconds to LoadMap(/Game/StarterContent/Maps/UEDPIE_0_Minimal_Default)
[2021.03.02-18.57.31:570][509]LogSlate: Updating window title bar state: overlay mode, drag disabled, window buttons hidden, title bar hidden
[2021.03.02-18.57.31:570][509]LogWorld: BeginTearingDown for /Game/StarterContent/Maps/UEDPIE_0_Minimal_Default
[2021.03.02-18.57.31:570][509]LogWorld: UWorld::CleanupWorld for Minimal_Default, bSessionEnded=true, bCleanupResources=true
[2021.03.02-18.57.31:571][509]LogSlate: InvalidateAllWidgets triggered.  All widgets were invalidated
[2021.03.02-18.57.31:577][509]LogPlayLevel: Display: Shutting down PIE online subsystems
[2021.03.02-18.57.31:583][509]LogSlate: InvalidateAllWidgets triggered.  All widgets were invalidated
[2021.03.02-18.57.31:613][509]LogSlate: Updating window title bar state: overlay mode, drag disabled, window buttons hidden, title bar hidden
[2021.03.02-18.57.31:631][509]LogAISub: UAISubsystem::~UAISubsystem AIPerceptionSystem (0000027347C09F80), frame # 80509
[2021.03.02-18.57.31:631][509]LogAISub: UAISubsystem::~UAISubsystem EnvQueryManager (0000027348D44A00), frame # 80509
[2021.03.02-18.57.31:635][509]LogUObjectHash: Compacting FUObjectHashTables data took   3.23ms
[2021.03.02-18.57.31:675][510]LogPlayLevel: Display: Destroying online subsystem :Context_10
[2021.03.02-18.57.36:095][ 20]LogEditorViewport: Clicking on Actor (LMB): Gem_C (Gem3)
[2021.03.02-18.57.40:598][536]LogEditorViewport: Clicking on Actor (LMB): WaterDetection_C (WaterDetection)
[2021.03.02-18.57.44:083][896]LogEditorViewport: Clicking on Actor (LMB): Gem_C (Gem2)
[2021.03.02-18.57.47:605][266]LogEditorViewport: Clicking on Actor (LMB): Gem_C (Gem)
[2021.03.02-18.57.49:737][504]LogEditorViewport: Clicking on Actor (LMB): BP_Sky_Sphere_C (BP_Sky_Sphere7)
[2021.03.02-18.57.53:225][861]LogTemp: Repeating last play command: Selected Viewport
[2021.03.02-18.57.53:250][861]LogPlayLevel: PlayLevel: No blueprints needed recompiling
[2021.03.02-18.57.53:250][861]PIE: New page: PIE session: Minimal_Default (Mar 2, 2021, 8:57:53 AM)
[2021.03.02-18.57.53:251][861]LogPlayLevel: Creating play world package: /Game/StarterContent/Maps/UEDPIE_0_Minimal_Default
[2021.03.02-18.57.53:257][861]LogPlayLevel: PIE: StaticDuplicateObject took: (0.006691s)
[2021.03.02-18.57.53:258][861]LogAIModule: Creating AISystem for world Minimal_Default
[2021.03.02-18.57.53:258][861]LogAISub: UAISubsystem::UAISubsystem EnvQueryManager (0000027352290200), frame # 82861
[2021.03.02-18.57.53:258][861]LogAISub: UAISubsystem::UAISubsystem AIPerceptionSystem (000002734C56B740), frame # 82861
[2021.03.02-18.57.53:258][861]LogPlayLevel: PIE: World Init took: (0.001105s)
[2021.03.02-18.57.53:258][861]LogPlayLevel: PIE: Created PIE world by copying editor world from /Game/StarterContent/Maps/Minimal_Default.Minimal_Default to /Game/StarterContent/Maps/UEDPIE_0_Minimal_Default.Minimal_Default (0.007935s)
[2021.03.02-18.57.53:290][861]LogUObjectHash: Compacting FUObjectHashTables data took   3.09ms
[2021.03.02-18.57.53:293][861]LogAudioMixer: Display: Audio Mixer Platform Settings:
[2021.03.02-18.57.53:293][861]LogAudioMixer: Display: 	Sample Rate:						  48000
[2021.03.02-18.57.53:293][861]LogAudioMixer: Display: 	Callback Buffer Frame Size Requested: 1024
[2021.03.02-18.57.53:293][861]LogAudioMixer: Display: 	Callback Buffer Frame Size To Use:	  1024
[2021.03.02-18.57.53:293][861]LogAudioMixer: Display: 	Number of buffers to queue:			  2
[2021.03.02-18.57.53:293][861]LogAudioMixer: Display: 	Max Channels (voices):				  32
[2021.03.02-18.57.53:293][861]LogAudioMixer: Display: 	Number of Async Source Workers:		  0
[2021.03.02-18.57.53:294][861]LogAudio: Display: AudioDevice MaxSources: 32
[2021.03.02-18.57.53:294][861]LogAudio: Display: Using built-in audio occlusion.
[2021.03.02-18.57.53:294][861]LogAudioMixer: Display: Initializing audio mixer.
[2021.03.02-18.57.53:299][861]LogAudioMixer: Display: 0: FrontLeft
[2021.03.02-18.57.53:299][861]LogAudioMixer: Display: 1: FrontRight
[2021.03.02-18.57.53:316][861]LogAudioMixer: Display: Using Audio Device Headphones (3- Head Boss Stereo)
[2021.03.02-18.57.53:316][861]LogAudioMixer: Display: Initializing Sound Submixes...
[2021.03.02-18.57.53:316][861]LogAudioMixer: Display: Creating Master Submix 'MasterSubmixDefault'
[2021.03.02-18.57.53:316][861]LogAudioMixer: Display: Creating Master Submix 'MasterReverbSubmixDefault'
[2021.03.02-18.57.53:317][861]LogAudioMixer: Display: Creating Master Submix 'MasterEQSubmixDefault'
[2021.03.02-18.57.53:330][861]LogInit: FAudioDevice initialized.
[2021.03.02-18.57.53:335][861]LogLoad: Game class is 'MyGameMode_C'
[2021.03.02-18.57.53:338][861]LogWorld: Bringing World /Game/StarterContent/Maps/UEDPIE_0_Minimal_Default.Minimal_Default up for play (max tick rate 0) at 2021.03.02-13.57.53
[2021.03.02-18.57.53:339][861]LogWorld: Bringing up level for play took: 0.002177
[2021.03.02-18.57.53:339][861]LogOnline: OSS: Creating online subsystem instance for: :Context_13
[2021.03.02-18.57.53:341][861]PIE: Server logged in
[2021.03.02-18.57.53:342][861]PIE: Play in editor total start time 0.092 seconds.
[2021.03.02-18.58.18:452][844]LogNet: Browse: /Game/StarterContent/Maps/Minimal_Default
[2021.03.02-18.58.18:452][844]LogLoad: LoadMap: /Game/StarterContent/Maps/Minimal_Default
[2021.03.02-18.58.18:452][844]LogWorld: BeginTearingDown for /Game/StarterContent/Maps/UEDPIE_0_Minimal_Default
[2021.03.02-18.58.18:452][844]LogWorld: UWorld::CleanupWorld for Minimal_Default, bSessionEnded=true, bCleanupResources=true
[2021.03.02-18.58.18:453][844]LogSlate: InvalidateAllWidgets triggered.  All widgets were invalidated
[2021.03.02-18.58.18:520][844]LogAISub: UAISubsystem::~UAISubsystem AIPerceptionSystem (000002734C56B740), frame # 85844
[2021.03.02-18.58.18:520][844]LogAISub: UAISubsystem::~UAISubsystem EnvQueryManager (0000027352290200), frame # 85844
[2021.03.02-18.58.18:523][844]LogUObjectHash: Compacting FUObjectHashTables data took   3.06ms
[2021.03.02-18.58.18:526][844]LogPlayLevel: Creating play world package: /Game/StarterContent/Maps/UEDPIE_0_Minimal_Default
[2021.03.02-18.58.18:532][844]LogPlayLevel: PIE: StaticDuplicateObject took: (0.006478s)
[2021.03.02-18.58.18:533][844]LogAIModule: Creating AISystem for world Minimal_Default
[2021.03.02-18.58.18:533][844]LogAISub: UAISubsystem::UAISubsystem EnvQueryManager (000002734B3F6800), frame # 85844
[2021.03.02-18.58.18:533][844]LogAISub: UAISubsystem::UAISubsystem AIPerceptionSystem (000002734C56AFC0), frame # 85844
[2021.03.02-18.58.18:533][844]LogPlayLevel: PIE: World Init took: (0.001028s)
[2021.03.02-18.58.18:534][844]LogPlayLevel: PIE: Created PIE world by copying editor world from /Game/StarterContent/Maps/Minimal_Default.Minimal_Default to /Game/StarterContent/Maps/UEDPIE_0_Minimal_Default.Minimal_Default (0.007641s)
[2021.03.02-18.58.18:534][844]LogLoad: Game class is 'MyGameMode_C'
[2021.03.02-18.58.18:535][844]LogWorld: Bringing World /Game/StarterContent/Maps/UEDPIE_0_Minimal_Default.Minimal_Default up for play (max tick rate 0) at 2021.03.02-13.58.18
[2021.03.02-18.58.18:535][844]LogWorld: Bringing up level for play took: 0.001232
[2021.03.02-18.58.18:537][844]LogLoad: Took 0.084856 seconds to LoadMap(/Game/StarterContent/Maps/UEDPIE_0_Minimal_Default)
[2021.03.02-18.58.21:290][171]LogNet: Browse: /Game/StarterContent/Maps/Minimal_Default
[2021.03.02-18.58.21:290][171]LogLoad: LoadMap: /Game/StarterContent/Maps/Minimal_Default
[2021.03.02-18.58.21:290][171]LogWorld: BeginTearingDown for /Game/StarterContent/Maps/UEDPIE_0_Minimal_Default
[2021.03.02-18.58.21:290][171]LogWorld: UWorld::CleanupWorld for Minimal_Default, bSessionEnded=true, bCleanupResources=true
[2021.03.02-18.58.21:290][171]LogSlate: InvalidateAllWidgets triggered.  All widgets were invalidated
[2021.03.02-18.58.21:366][171]LogAISub: UAISubsystem::~UAISubsystem AIPerceptionSystem (000002734C56AFC0), frame # 86171
[2021.03.02-18.58.21:366][171]LogAISub: UAISubsystem::~UAISubsystem EnvQueryManager (000002734B3F6800), frame # 86171
[2021.03.02-18.58.21:372][171]LogUObjectHash: Compacting FUObjectHashTables data took   6.16ms
[2021.03.02-18.58.21:374][171]LogPlayLevel: Creating play world package: /Game/StarterContent/Maps/UEDPIE_0_Minimal_Default
[2021.03.02-18.58.21:383][171]LogPlayLevel: PIE: StaticDuplicateObject took: (0.009174s)
[2021.03.02-18.58.21:384][171]LogAIModule: Creating AISystem for world Minimal_Default
[2021.03.02-18.58.21:384][171]LogAISub: UAISubsystem::UAISubsystem EnvQueryManager (00000272E7F3CE00), frame # 86171
[2021.03.02-18.58.21:384][171]LogAISub: UAISubsystem::UAISubsystem AIPerceptionSystem (000002734C7C4E00), frame # 86171
[2021.03.02-18.58.21:385][171]LogPlayLevel: PIE: World Init took: (0.001037s)
[2021.03.02-18.58.21:385][171]LogPlayLevel: PIE: Created PIE world by copying editor world from /Game/StarterContent/Maps/Minimal_Default.Minimal_Default to /Game/StarterContent/Maps/UEDPIE_0_Minimal_Default.Minimal_Default (0.010374s)
[2021.03.02-18.58.21:385][171]LogLoad: Game class is 'MyGameMode_C'
[2021.03.02-18.58.21:386][171]LogWorld: Bringing World /Game/StarterContent/Maps/UEDPIE_0_Minimal_Default.Minimal_Default up for play (max tick rate 0) at 2021.03.02-13.58.21
[2021.03.02-18.58.21:386][171]LogWorld: Bringing up level for play took: 0.001091
[2021.03.02-18.58.21:388][171]LogLoad: Took 0.098901 seconds to LoadMap(/Game/StarterContent/Maps/UEDPIE_0_Minimal_Default)
[2021.03.02-18.58.52:817][931]LogNet: Browse: /Game/StarterContent/Maps/Minimal_Default
[2021.03.02-18.58.52:817][931]LogLoad: LoadMap: /Game/StarterContent/Maps/Minimal_Default
[2021.03.02-18.58.52:817][931]LogWorld: BeginTearingDown for /Game/StarterContent/Maps/UEDPIE_0_Minimal_Default
[2021.03.02-18.58.52:817][931]LogWorld: UWorld::CleanupWorld for Minimal_Default, bSessionEnded=true, bCleanupResources=true
[2021.03.02-18.58.52:818][931]LogSlate: InvalidateAllWidgets triggered.  All widgets were invalidated
[2021.03.02-18.58.52:885][931]LogAISub: UAISubsystem::~UAISubsystem AIPerceptionSystem (000002734C7C4E00), frame # 89931
[2021.03.02-18.58.52:885][931]LogAISub: UAISubsystem::~UAISubsystem EnvQueryManager (00000272E7F3CE00), frame # 89931
[2021.03.02-18.58.52:889][931]LogUObjectHash: Compacting FUObjectHashTables data took   3.25ms
[2021.03.02-18.58.52:891][931]LogPlayLevel: Creating play world package: /Game/StarterContent/Maps/UEDPIE_0_Minimal_Default
[2021.03.02-18.58.52:897][931]LogPlayLevel: PIE: StaticDuplicateObject took: (0.006307s)
[2021.03.02-18.58.52:898][931]LogAIModule: Creating AISystem for world Minimal_Default
[2021.03.02-18.58.52:898][931]LogAISub: UAISubsystem::UAISubsystem EnvQueryManager (00000272E7F3CC00), frame # 89931
[2021.03.02-18.58.52:898][931]LogAISub: UAISubsystem::UAISubsystem AIPerceptionSystem (0000027347DCD580), frame # 89931
[2021.03.02-18.58.52:899][931]LogPlayLevel: PIE: World Init took: (0.001133s)
[2021.03.02-18.58.52:899][931]LogPlayLevel: PIE: Created PIE world by copying editor world from /Game/StarterContent/Maps/Minimal_Default.Minimal_Default to /Game/StarterContent/Maps/UEDPIE_0_Minimal_Default.Minimal_Default (0.007568s)
[2021.03.02-18.58.52:899][931]LogLoad: Game class is 'MyGameMode_C'
[2021.03.02-18.58.52:900][931]LogWorld: Bringing World /Game/StarterContent/Maps/UEDPIE_0_Minimal_Default.Minimal_Default up for play (max tick rate 0) at 2021.03.02-13.58.52
[2021.03.02-18.58.52:900][931]LogWorld: Bringing up level for play took: 0.001165
[2021.03.02-18.58.52:902][931]LogLoad: Took 0.084404 seconds to LoadMap(/Game/StarterContent/Maps/UEDPIE_0_Minimal_Default)
[2021.03.02-18.59.42:879][906]LogSlate: Updating window title bar state: overlay mode, drag disabled, window buttons hidden, title bar hidden
[2021.03.02-18.59.42:879][906]LogWorld: BeginTearingDown for /Game/StarterContent/Maps/UEDPIE_0_Minimal_Default
[2021.03.02-18.59.42:879][906]LogWorld: UWorld::CleanupWorld for Minimal_Default, bSessionEnded=true, bCleanupResources=true
[2021.03.02-18.59.42:880][906]LogSlate: InvalidateAllWidgets triggered.  All widgets were invalidated
[2021.03.02-18.59.42:889][906]LogPlayLevel: Display: Shutting down PIE online subsystems
[2021.03.02-18.59.42:897][906]LogSlate: InvalidateAllWidgets triggered.  All widgets were invalidated
[2021.03.02-18.59.42:961][906]LogSlate: Updating window title bar state: overlay mode, drag disabled, window buttons hidden, title bar hidden
[2021.03.02-18.59.42:962][906]LogAISub: UAISubsystem::~UAISubsystem AIPerceptionSystem (0000027347DCD580), frame # 95906
[2021.03.02-18.59.42:962][906]LogAISub: UAISubsystem::~UAISubsystem EnvQueryManager (00000272E7F3CC00), frame # 95906
[2021.03.02-18.59.42:966][906]LogUObjectHash: Compacting FUObjectHashTables data took   3.28ms
[2021.03.02-18.59.43:009][907]LogPlayLevel: Display: Destroying online subsystem :Context_13
